#
# There is insufficient memory for the Java Runtime Environment to continue.
# Native memory allocation (malloc) failed to allocate 746736 bytes for Chunk::new
# Possible reasons:
#   The system is out of physical RAM or swap space
#   In 32 bit mode, the process size limit was hit
# Possible solutions:
#   Reduce memory load on the system
#   Increase physical memory or swap space
#   Check if swap backing store is full
#   Use 64 bit Java on a 64 bit OS
#   Decrease Java heap size (-Xmx/-Xms)
#   Decrease number of Java threads
#   Decrease Java thread stack sizes (-Xss)
#   Set larger code cache with -XX:ReservedCodeCacheSize=
# This output file may be truncated or incomplete.
#
#  Out of Memory Error (allocation.cpp:390), pid=11040, tid=0x0000000000000610
#
# JRE version: OpenJDK Runtime Environment (8.0_152-b01) (build 1.8.0_152-release-915-b01)
# Java VM: OpenJDK 64-Bit Server VM (25.152-b01 mixed mode windows-amd64 compressed oops)
# Failed to write core dump. Minidumps are not enabled by default on client versions of Windows
#

---------------  T H R E A D  ---------------

Current thread (0x0000000018353000):  JavaThread "C2 CompilerThread1" daemon [_thread_in_native, id=1552, stack(0x0000000019ab0000,0x0000000019bb0000)]

Stack: [0x0000000019ab0000,0x0000000019bb0000]
[error occurred during error reporting (printing stack bounds), id 0xc0000005]

Native frames: (J=compiled Java code, j=interpreted, Vv=VM code, C=native code)


Current CompileTask:
C2:  13138 2903       4       com.sun.org.apache.xerces.internal.impl.XMLDTDScannerImpl::scanEntityDecl (873 bytes)


---------------  P R O C E S S  ---------------

Java Threads: ( => current thread )
  0x000000001ba4f000 JavaThread "Cache worker for Artifact transforms cache (C:\Users\viktoria\.gradle\caches\transforms-1)" [_thread_blocked, id=13320, stack(0x000000001e200000,0x000000001e300000)]
  0x000000001c087800 JavaThread "Cache worker for file hash cache (C:\Users\viktoria\Desktop\FalsyQuiz\.gradle\4.1\fileHashes)" [_thread_blocked, id=9076, stack(0x000000001df00000,0x000000001e000000)]
  0x000000001b8ee800 JavaThread "File lock request listener" [_thread_in_native, id=9160, stack(0x000000001dc00000,0x000000001dd00000)]
  0x000000001b90f800 JavaThread "Cache worker for file hash cache (C:\Users\viktoria\.gradle\caches\4.1\fileHashes)" [_thread_blocked, id=2740, stack(0x000000001db00000,0x000000001dc00000)]
  0x000000001b396000 JavaThread "Stdin handler" [_thread_blocked, id=2952, stack(0x000000001da00000,0x000000001db00000)]
  0x000000001b395000 JavaThread "Asynchronous log dispatcher for DefaultDaemonConnection: socket connection from /127.0.0.1:52304 to /127.0.0.1:52305" [_thread_blocked, id=11224, stack(0x000000001d900000,0x000000001da00000)]
  0x000000001b73e800 JavaThread "Daemon worker" [_thread_in_Java, id=15128, stack(0x000000001d800000,0x000000001d900000)]
  0x000000001b6e1000 JavaThread "Cancel handler" [_thread_blocked, id=12500, stack(0x000000001d700000,0x000000001d800000)]
  0x000000001b371000 JavaThread "Handler for socket connection from /127.0.0.1:52304 to /127.0.0.1:52305" [_thread_in_native, id=11080, stack(0x000000001d400000,0x000000001d500000)]
  0x000000001af2a000 JavaThread "Daemon" [_thread_blocked, id=16168, stack(0x000000001d300000,0x000000001d400000)]
  0x000000001b051000 JavaThread "Daemon periodic checks" [_thread_blocked, id=14096, stack(0x000000001d200000,0x000000001d300000)]
  0x000000001b050800 JavaThread "Incoming local TCP Connector on port 52304" [_thread_in_native, id=8860, stack(0x000000001ba80000,0x000000001bb80000)]
  0x0000000019ce0800 JavaThread "Service Thread" daemon [_thread_blocked, id=9372, stack(0x000000001a0b0000,0x000000001a1b0000)]
  0x0000000018356800 JavaThread "C1 CompilerThread2" daemon [_thread_blocked, id=13272, stack(0x0000000019bb0000,0x0000000019cb0000)]
=>0x0000000018353000 JavaThread "C2 CompilerThread1" daemon [_thread_in_native, id=1552, stack(0x0000000019ab0000,0x0000000019bb0000)]
  0x0000000018350000 JavaThread "C2 CompilerThread0" daemon [_thread_in_native, id=9988, stack(0x00000000199b0000,0x0000000019ab0000)]
  0x000000001834e800 JavaThread "Attach Listener" daemon [_thread_blocked, id=12036, stack(0x00000000198b0000,0x00000000199b0000)]
  0x000000001834d000 JavaThread "Signal Dispatcher" daemon [_thread_blocked, id=13704, stack(0x00000000197b0000,0x00000000198b0000)]
  0x0000000018338800 JavaThread "Finalizer" daemon [_thread_blocked, id=16136, stack(0x00000000195b0000,0x00000000196b0000)]
  0x00000000049d1000 JavaThread "Reference Handler" daemon [_thread_blocked, id=10388, stack(0x00000000194b0000,0x00000000195b0000)]
  0x00000000048dd800 JavaThread "main" [_thread_blocked, id=15096, stack(0x0000000004720000,0x0000000004820000)]

Other Threads:
  0x0000000018315800 VMThread [stack: 0x00000000193b0000,0x00000000194b0000] [id=9020]
  0x0000000019ce1000 WatcherThread [stack: 0x000000001a1b0000,0x000000001a2b0000] [id=10192]

VM state:not at safepoint (normal execution)

VM Mutex/Monitor currently owned by a thread: None

Heap:
 PSYoungGen      total 68608K, used 53027K [0x00000000e0000000, 0x00000000e4c80000, 0x0000000100000000)
  eden space 60928K, 75% used [0x00000000e0000000,0x00000000e2cf0650,0x00000000e3b80000)
  from space 7680K, 91% used [0x00000000e3b80000,0x00000000e4258688,0x00000000e4300000)
  to   space 8192K, 0% used [0x00000000e4480000,0x00000000e4480000,0x00000000e4c80000)
 ParOldGen       total 35840K, used 8575K [0x00000000a0000000, 0x00000000a2300000, 0x00000000e0000000)
  object space 35840K, 23% used [0x00000000a0000000,0x00000000a085ff78,0x00000000a2300000)
 Metaspace       used 30242K, capacity 30840K, committed 30976K, reserved 1075200K
  class space    used 4127K, capacity 4323K, committed 4352K, reserved 1048576K

Card table byte_map: [0x0000000013da0000,0x00000000140b0000] byte_map_base: 0x00000000138a0000

Marking Bits: (ParMarkBitMap*) 0x00000000728d3950
 Begin Bits: [0x00000000146b0000, 0x0000000015eb0000)
 End Bits:   [0x0000000015eb0000, 0x00000000176b0000)

Polling page: 0x0000000002a20000

CodeCache: size=245760Kb used=11430Kb max_used=11430Kb free=234329Kb
 bounds [0x00000000049e0000, 0x0000000005520000, 0x00000000139e0000]
 total_blobs=3452 nmethods=2789 adapters=576
 compilation: enabled

Compilation events (10 events):
Event: 13.104 Thread 0x0000000018356800 2969   !   3       com.sun.org.apache.xerces.internal.impl.XMLDocumentFragmentScannerImpl$FragmentContentDriver::next (2346 bytes)
Event: 13.116 Thread 0x0000000018356800 nmethod 2969 0x00000000054fb650 code [0x00000000054fc040, 0x0000000005502f18]
Event: 13.116 Thread 0x0000000018356800 2970       3       com.sun.org.apache.xerces.internal.impl.XMLEntityScanner::peekChar (63 bytes)
Event: 13.116 Thread 0x0000000018356800 nmethod 2970 0x0000000005507010 code [0x0000000005507180, 0x00000000055074c8]
Event: 13.116 Thread 0x0000000018356800 2968       3       com.sun.org.apache.xerces.internal.util.XMLAttributesImpl::getIndexFast (38 bytes)
Event: 13.117 Thread 0x0000000018356800 nmethod 2968 0x0000000005507610 code [0x0000000005507780, 0x0000000005507a10]
Event: 13.117 Thread 0x0000000018356800 2967       3       com.sun.org.apache.xerces.internal.impl.XMLScanner::scanAttributeValue (991 bytes)
Event: 13.122 Thread 0x0000000018350000 nmethod 2950 0x000000000550bc90 code [0x000000000550bee0, 0x000000000550d350]
Event: 13.122 Thread 0x0000000018350000 2951       4       com.sun.org.apache.xerces.internal.impl.dtd.XMLDTDValidator::handleStartElement (509 bytes)
Event: 13.124 Thread 0x0000000018356800 nmethod 2967 0x000000000550f3d0 code [0x000000000550fba0, 0x00000000055151d8]

GC Heap History (10 events):
Event: 4.654 GC heap before
{Heap before GC invocations=6 (full 0):
 PSYoungGen      total 18944K, used 18925K [0x00000000e0000000, 0x00000000e2b00000, 0x0000000100000000)
  eden space 16384K, 99% used [0x00000000e0000000,0x00000000e0fff480,0x00000000e1000000)
  from space 2560K, 99% used [0x00000000e1000000,0x00000000e127c030,0x00000000e1280000)
  to   space 5632K, 0% used [0x00000000e2580000,0x00000000e2580000,0x00000000e2b00000)
 ParOldGen       total 44032K, used 6043K [0x00000000a0000000, 0x00000000a2b00000, 0x00000000e0000000)
  object space 44032K, 13% used [0x00000000a0000000,0x00000000a05e6d68,0x00000000a2b00000)
 Metaspace       used 15795K, capacity 16156K, committed 16256K, reserved 1062912K
  class space    used 2227K, capacity 2350K, committed 2432K, reserved 1048576K
Event: 4.679 GC heap after
Heap after GC invocations=6 (full 0):
 PSYoungGen      total 37888K, used 5127K [0x00000000e0000000, 0x00000000e2c00000, 0x0000000100000000)
  eden space 32256K, 0% used [0x00000000e0000000,0x00000000e0000000,0x00000000e1f80000)
  from space 5632K, 91% used [0x00000000e2580000,0x00000000e2a81fd8,0x00000000e2b00000)
  to   space 6144K, 0% used [0x00000000e1f80000,0x00000000e1f80000,0x00000000e2580000)
 ParOldGen       total 44032K, used 6051K [0x00000000a0000000, 0x00000000a2b00000, 0x00000000e0000000)
  object space 44032K, 13% used [0x00000000a0000000,0x00000000a05e8d68,0x00000000a2b00000)
 Metaspace       used 15795K, capacity 16156K, committed 16256K, reserved 1062912K
  class space    used 2227K, capacity 2350K, committed 2432K, reserved 1048576K
}
Event: 6.535 GC heap before
{Heap before GC invocations=7 (full 0):
 PSYoungGen      total 37888K, used 32005K [0x00000000e0000000, 0x00000000e2c00000, 0x0000000100000000)
  eden space 32256K, 83% used [0x00000000e0000000,0x00000000e1a3f608,0x00000000e1f80000)
  from space 5632K, 91% used [0x00000000e2580000,0x00000000e2a81fd8,0x00000000e2b00000)
  to   space 6144K, 0% used [0x00000000e1f80000,0x00000000e1f80000,0x00000000e2580000)
 ParOldGen       total 44032K, used 6051K [0x00000000a0000000, 0x00000000a2b00000, 0x00000000e0000000)
  object space 44032K, 13% used [0x00000000a0000000,0x00000000a05e8d68,0x00000000a2b00000)
 Metaspace       used 20650K, capacity 21142K, committed 21248K, reserved 1067008K
  class space    used 2858K, capacity 3042K, committed 3072K, reserved 1048576K
Event: 6.555 GC heap after
Heap after GC invocations=7 (full 0):
 PSYoungGen      total 38400K, used 6138K [0x00000000e0000000, 0x00000000e4e00000, 0x0000000100000000)
  eden space 32256K, 0% used [0x00000000e0000000,0x00000000e0000000,0x00000000e1f80000)
  from space 6144K, 99% used [0x00000000e1f80000,0x00000000e257eb58,0x00000000e2580000)
  to   space 7680K, 0% used [0x00000000e4680000,0x00000000e4680000,0x00000000e4e00000)
 ParOldGen       total 44032K, used 7535K [0x00000000a0000000, 0x00000000a2b00000, 0x00000000e0000000)
  object space 44032K, 17% used [0x00000000a0000000,0x00000000a075bdc8,0x00000000a2b00000)
 Metaspace       used 20650K, capacity 21142K, committed 21248K, reserved 1067008K
  class space    used 2858K, capacity 3042K, committed 3072K, reserved 1048576K
}
Event: 6.555 GC heap before
{Heap before GC invocations=8 (full 1):
 PSYoungGen      total 38400K, used 6138K [0x00000000e0000000, 0x00000000e4e00000, 0x0000000100000000)
  eden space 32256K, 0% used [0x00000000e0000000,0x00000000e0000000,0x00000000e1f80000)
  from space 6144K, 99% used [0x00000000e1f80000,0x00000000e257eb58,0x00000000e2580000)
  to   space 7680K, 0% used [0x00000000e4680000,0x00000000e4680000,0x00000000e4e00000)
 ParOldGen       total 44032K, used 7535K [0x00000000a0000000, 0x00000000a2b00000, 0x00000000e0000000)
  object space 44032K, 17% used [0x00000000a0000000,0x00000000a075bdc8,0x00000000a2b00000)
 Metaspace       used 20650K, capacity 21142K, committed 21248K, reserved 1067008K
  class space    used 2858K, capacity 3042K, committed 3072K, reserved 1048576K
Event: 6.646 GC heap after
Heap after GC invocations=8 (full 1):
 PSYoungGen      total 38400K, used 0K [0x00000000e0000000, 0x00000000e4e00000, 0x0000000100000000)
  eden space 32256K, 0% used [0x00000000e0000000,0x00000000e0000000,0x00000000e1f80000)
  from space 6144K, 0% used [0x00000000e1f80000,0x00000000e1f80000,0x00000000e2580000)
  to   space 7680K, 0% used [0x00000000e4680000,0x00000000e4680000,0x00000000e4e00000)
 ParOldGen       total 35840K, used 8559K [0x00000000a0000000, 0x00000000a2300000, 0x00000000e0000000)
  object space 35840K, 23% used [0x00000000a0000000,0x00000000a085bf78,0x00000000a2300000)
 Metaspace       used 20650K, capacity 21142K, committed 21248K, reserved 1067008K
  class space    used 2858K, capacity 3042K, committed 3072K, reserved 1048576K
}
Event: 8.097 GC heap before
{Heap before GC invocations=9 (full 1):
 PSYoungGen      total 38400K, used 32256K [0x00000000e0000000, 0x00000000e4e00000, 0x0000000100000000)
  eden space 32256K, 100% used [0x00000000e0000000,0x00000000e1f80000,0x00000000e1f80000)
  from space 6144K, 0% used [0x00000000e1f80000,0x00000000e1f80000,0x00000000e2580000)
  to   space 7680K, 0% used [0x00000000e4680000,0x00000000e4680000,0x00000000e4e00000)
 ParOldGen       total 35840K, used 8559K [0x00000000a0000000, 0x00000000a2300000, 0x00000000e0000000)
  object space 35840K, 23% used [0x00000000a0000000,0x00000000a085bf78,0x00000000a2300000)
 Metaspace       used 23515K, capacity 24038K, committed 24448K, reserved 1071104K
  class space    used 3195K, capacity 3340K, committed 3456K, reserved 1048576K
Event: 8.106 GC heap after
Heap after GC invocations=9 (full 1):
 PSYoungGen      total 52224K, used 3967K [0x00000000e0000000, 0x00000000e4a80000, 0x0000000100000000)
  eden space 48128K, 0% used [0x00000000e0000000,0x00000000e0000000,0x00000000e2f00000)
  from space 4096K, 96% used [0x00000000e4680000,0x00000000e4a5ffe8,0x00000000e4a80000)
  to   space 7680K, 0% used [0x00000000e3b80000,0x00000000e3b80000,0x00000000e4300000)
 ParOldGen       total 35840K, used 8567K [0x00000000a0000000, 0x00000000a2300000, 0x00000000e0000000)
  object space 35840K, 23% used [0x00000000a0000000,0x00000000a085df78,0x00000000a2300000)
 Metaspace       used 23515K, capacity 24038K, committed 24448K, reserved 1071104K
  class space    used 3195K, capacity 3340K, committed 3456K, reserved 1048576K
}
Event: 10.882 GC heap before
{Heap before GC invocations=10 (full 1):
 PSYoungGen      total 52224K, used 52095K [0x00000000e0000000, 0x00000000e4a80000, 0x0000000100000000)
  eden space 48128K, 100% used [0x00000000e0000000,0x00000000e2f00000,0x00000000e2f00000)
  from space 4096K, 96% used [0x00000000e4680000,0x00000000e4a5ffe8,0x00000000e4a80000)
  to   space 7680K, 0% used [0x00000000e3b80000,0x00000000e3b80000,0x00000000e4300000)
 ParOldGen       total 35840K, used 8567K [0x00000000a0000000, 0x00000000a2300000, 0x00000000e0000000)
  object space 35840K, 23% used [0x00000000a0000000,0x00000000a085df78,0x00000000a2300000)
 Metaspace       used 27013K, capacity 27634K, committed 27776K, reserved 1073152K
  class space    used 3739K, capacity 3938K, committed 3968K, reserved 1048576K
Event: 10.908 GC heap after
Heap after GC invocations=10 (full 1):
 PSYoungGen      total 68608K, used 7009K [0x00000000e0000000, 0x00000000e4c80000, 0x0000000100000000)
  eden space 60928K, 0% used [0x00000000e0000000,0x00000000e0000000,0x00000000e3b80000)
  from space 7680K, 91% used [0x00000000e3b80000,0x00000000e4258688,0x00000000e4300000)
  to   space 8192K, 0% used [0x00000000e4480000,0x00000000e4480000,0x00000000e4c80000)
 ParOldGen       total 35840K, used 8575K [0x00000000a0000000, 0x00000000a2300000, 0x00000000e0000000)
  object space 35840K, 23% used [0x00000000a0000000,0x00000000a085ff78,0x00000000a2300000)
 Metaspace       used 27013K, capacity 27634K, committed 27776K, reserved 1073152K
  class space    used 3739K, capacity 3938K, committed 3968K, reserved 1048576K
}

Deoptimization events (10 events):
Event: 12.394 Thread 0x000000001b73e800 Uncommon trap: reason=unstable_if action=reinterpret pc=0x0000000004b3aa74 method=com.sun.org.apache.xerces.internal.impl.XMLEntityScanner.checkBeforeLoad(Lcom/sun/xml/internal/stream/Entity$ScannedEntity;II)I @ 18
Event: 12.397 Thread 0x000000001b73e800 Uncommon trap: reason=unstable_if action=reinterpret pc=0x0000000004dd92e8 method=com.sun.org.apache.xerces.internal.dom.ParentNode.nodeListGetLength()I @ 11
Event: 12.415 Thread 0x000000001b73e800 Uncommon trap: reason=unstable_if action=reinterpret pc=0x0000000004b3f268 method=com.sun.org.apache.xerces.internal.dom.ParentNode.nodeListGetLength()I @ 11
Event: 12.443 Thread 0x000000001b73e800 Uncommon trap: reason=unstable_if action=reinterpret pc=0x00000000054385f4 method=com.sun.org.apache.xerces.internal.impl.XMLDocumentFragmentScannerImpl$FragmentContentDriver.next()I @ 1140
Event: 12.519 Thread 0x000000001b73e800 Uncommon trap: reason=unstable_if action=reinterpret pc=0x000000000544fdb4 method=com.sun.org.apache.xerces.internal.parsers.AbstractDOMParser.characters(Lcom/sun/org/apache/xerces/internal/xni/XMLString;Lcom/sun/org/apache/xerces/internal/xni/Augmentatio
Event: 13.059 Thread 0x000000001b73e800 Uncommon trap: reason=unstable_if action=reinterpret pc=0x0000000005475e88 method=com.sun.org.apache.xerces.internal.impl.XMLEntityScanner.scanData(Ljava/lang/String;Lcom/sun/org/apache/xerces/internal/util/XMLStringBuffer;)Z @ 60
Event: 13.099 Thread 0x000000001b73e800 Uncommon trap: reason=unstable_if action=reinterpret pc=0x0000000005399418 method=com.sun.org.apache.xerces.internal.impl.XMLEntityScanner.skipSpaces()Z @ 85
Event: 13.100 Thread 0x000000001b73e800 Uncommon trap: reason=unstable_if action=reinterpret pc=0x000000000549cd44 method=com.sun.org.apache.xerces.internal.impl.XMLEntityScanner.peekChar()I @ 51
Event: 13.100 Thread 0x000000001b73e800 Uncommon trap: reason=unstable_if action=reinterpret pc=0x00000000053c618c method=com.sun.org.apache.xerces.internal.impl.XMLEntityScanner.scanContent(Lcom/sun/org/apache/xerces/internal/xni/XMLString;)I @ 127
Event: 13.100 Thread 0x000000001b73e800 Uncommon trap: reason=unstable_if action=reinterpret pc=0x00000000053d32ec method=com.sun.org.apache.xerces.internal.impl.XMLEntityScanner.peekChar()I @ 51

Classes redefined (0 events):
No events

Internal exceptions (10 events):
Event: 9.269 Thread 0x000000001b73e800 Exception <a 'java/lang/ClassNotFoundException': org/gradle/api/internal/artifacts/repositories/DefaultMavenArtifactRepositoryCustomizer> (0x00000000e16c5f30) thrown at [D:\src\AOSP-openjdk-cygwin\jdk8u\hotspot\src\share\vm\classfile\systemDictionary.cpp,
Event: 9.272 Thread 0x000000001b73e800 Exception <a 'java/lang/ClassNotFoundException': org/gradle/api/internal/artifacts/repositories/DefaultMavenArtifactRepository_DecoratedCustomizer> (0x00000000e170cc80) thrown at [D:\src\AOSP-openjdk-cygwin\jdk8u\hotspot\src\share\vm\classfile\systemDicti
Event: 9.792 Thread 0x000000001b73e800 Exception <a 'java/lang/ClassNotFoundException': build_1o2s6kd7gj164ng1rjitbyn6dBeanInfo> (0x00000000e21213c8) thrown at [D:\src\AOSP-openjdk-cygwin\jdk8u\hotspot\src\share\vm\classfile\systemDictionary.cpp, line 210]
Event: 9.793 Thread 0x000000001b73e800 Exception <a 'java/lang/ClassNotFoundException': org/gradle/api/internal/project/ProjectScriptBeanInfo> (0x00000000e2132ed8) thrown at [D:\src\AOSP-openjdk-cygwin\jdk8u\hotspot\src\share\vm\classfile\systemDictionary.cpp, line 210]
Event: 9.793 Thread 0x000000001b73e800 Exception <a 'java/lang/ClassNotFoundException': org/gradle/api/internal/project/ProjectScriptCustomizer> (0x00000000e2144ff0) thrown at [D:\src\AOSP-openjdk-cygwin\jdk8u\hotspot\src\share\vm\classfile\systemDictionary.cpp, line 210]
Event: 9.794 Thread 0x000000001b73e800 Exception <a 'java/lang/ClassNotFoundException': build_1o2s6kd7gj164ng1rjitbyn6dCustomizer> (0x00000000e2163528) thrown at [D:\src\AOSP-openjdk-cygwin\jdk8u\hotspot\src\share\vm\classfile\systemDictionary.cpp, line 210]
Event: 11.021 Thread 0x000000001b73e800 Exception <a 'java/lang/ClassNotFoundException': org/gradle/api/internal/artifacts/dsl/dependencies/DefaultDependencyHandler_DecoratedBeanInfo> (0x00000000e01b3d58) thrown at [D:\src\AOSP-openjdk-cygwin\jdk8u\hotspot\src\share\vm\classfile\systemDictionar
Event: 11.031 Thread 0x000000001b73e800 Exception <a 'java/lang/ClassNotFoundException': org/gradle/api/internal/artifacts/dsl/dependencies/DefaultDependencyHandlerBeanInfo> (0x00000000e01f6668) thrown at [D:\src\AOSP-openjdk-cygwin\jdk8u\hotspot\src\share\vm\classfile\systemDictionary.cpp, lin
Event: 11.036 Thread 0x000000001b73e800 Exception <a 'java/lang/ClassNotFoundException': org/gradle/api/internal/artifacts/dsl/dependencies/DefaultDependencyHandlerCustomizer> (0x00000000e0239c28) thrown at [D:\src\AOSP-openjdk-cygwin\jdk8u\hotspot\src\share\vm\classfile\systemDictionary.cpp, l
Event: 11.069 Thread 0x000000001b73e800 Exception <a 'java/lang/ClassNotFoundException': org/gradle/api/internal/artifacts/dsl/dependencies/DefaultDependencyHandler_DecoratedCustomizer> (0x00000000e02a00d8) thrown at [D:\src\AOSP-openjdk-cygwin\jdk8u\hotspot\src\share\vm\classfile\systemDiction

Events (10 events):
Event: 13.099 Thread 0x000000001b73e800 DEOPT UNPACKING pc=0x0000000004a2556a sp=0x000000001d8fa6a0 mode 2
Event: 13.100 Thread 0x000000001b73e800 Uncommon trap: trap_request=0xffffff65 fr.pc=0x000000000549cd44
Event: 13.100 Thread 0x000000001b73e800 DEOPT PACKING pc=0x000000000549cd44 sp=0x000000001d8fa930
Event: 13.100 Thread 0x000000001b73e800 DEOPT UNPACKING pc=0x0000000004a2556a sp=0x000000001d8fa8d0 mode 2
Event: 13.100 Thread 0x000000001b73e800 Uncommon trap: trap_request=0xffffff65 fr.pc=0x00000000053c618c
Event: 13.100 Thread 0x000000001b73e800 DEOPT PACKING pc=0x00000000053c618c sp=0x000000001d8fa8e0
Event: 13.100 Thread 0x000000001b73e800 DEOPT UNPACKING pc=0x0000000004a2556a sp=0x000000001d8fa898 mode 2
Event: 13.100 Thread 0x000000001b73e800 Uncommon trap: trap_request=0xffffff65 fr.pc=0x00000000053d32ec
Event: 13.100 Thread 0x000000001b73e800 DEOPT PACKING pc=0x00000000053d32ec sp=0x000000001d8fa930
Event: 13.100 Thread 0x000000001b73e800 DEOPT UNPACKING pc=0x0000000004a2556a sp=0x000000001d8fa8c8 mode 2


Dynamic libraries:
0x00007ff77ae40000 - 0x00007ff77ae71000 	C:\Program Files\Android\Android Studio\jre\bin\java.exe
0x00007ffde1410000 - 0x00007ffde15f0000 	C:\WINDOWS\SYSTEM32\ntdll.dll
0x00007ffddf3f0000 - 0x00007ffddf49e000 	C:\WINDOWS\System32\KERNEL32.DLL
0x00007ffddda20000 - 0x00007ffdddc86000 	C:\WINDOWS\System32\KERNELBASE.dll
0x00007ffddefe0000 - 0x00007ffddf081000 	C:\WINDOWS\System32\ADVAPI32.dll
0x00007ffde0b30000 - 0x00007ffde0bcd000 	C:\WINDOWS\System32\msvcrt.dll
0x00007ffddef50000 - 0x00007ffddefab000 	C:\WINDOWS\System32\sechost.dll
0x00007ffddf150000 - 0x00007ffddf26f000 	C:\WINDOWS\System32\RPCRT4.dll
0x00007ffde10a0000 - 0x00007ffde122f000 	C:\WINDOWS\System32\USER32.dll
0x00007ffddd810000 - 0x00007ffddd830000 	C:\WINDOWS\System32\win32u.dll
0x00007ffddf090000 - 0x00007ffddf0b8000 	C:\WINDOWS\System32\GDI32.dll
0x00007ffddd830000 - 0x00007ffddd9c3000 	C:\WINDOWS\System32\gdi32full.dll
0x00007ffdde5c0000 - 0x00007ffdde65b000 	C:\WINDOWS\System32\msvcp_win.dll
0x00007ffdde4c0000 - 0x00007ffdde5b6000 	C:\WINDOWS\System32\ucrtbase.dll
0x00007ffdcf840000 - 0x00007ffdcfaa9000 	C:\WINDOWS\WinSxS\amd64_microsoft.windows.common-controls_6595b64144ccf1df_6.0.16299.371_none_15c7d1789365a290\COMCTL32.dll
0x00007ffde0d90000 - 0x00007ffde1098000 	C:\WINDOWS\System32\combase.dll
0x00007ffdde440000 - 0x00007ffdde4b2000 	C:\WINDOWS\System32\bcryptPrimitives.dll
0x00007ffddf120000 - 0x00007ffddf14d000 	C:\WINDOWS\System32\IMM32.DLL
0x0000000072e50000 - 0x0000000072f22000 	C:\Program Files\Android\Android Studio\jre\jre\bin\msvcr100.dll
0x0000000072110000 - 0x000000007294e000 	C:\Program Files\Android\Android Studio\jre\jre\bin\server\jvm.dll
0x00007ffddefd0000 - 0x00007ffddefd8000 	C:\WINDOWS\System32\PSAPI.DLL
0x00007ffdda0a0000 - 0x00007ffdda0c3000 	C:\WINDOWS\SYSTEM32\WINMM.dll
0x00007ffdc46f0000 - 0x00007ffdc46f9000 	C:\WINDOWS\SYSTEM32\WSOCK32.dll
0x00007ffdd8e70000 - 0x00007ffdd8e7a000 	C:\WINDOWS\SYSTEM32\VERSION.dll
0x00007ffdde960000 - 0x00007ffdde9cc000 	C:\WINDOWS\System32\WS2_32.dll
0x00007ffdd9fc0000 - 0x00007ffdd9fea000 	C:\WINDOWS\SYSTEM32\WINMMBASE.dll
0x00007ffddd9d0000 - 0x00007ffddda1a000 	C:\WINDOWS\System32\cfgmgr32.dll
0x00007ffdda8b0000 - 0x00007ffdda8bf000 	C:\Program Files\Android\Android Studio\jre\jre\bin\verify.dll
0x00007ffdd3010000 - 0x00007ffdd3039000 	C:\Program Files\Android\Android Studio\jre\jre\bin\java.dll
0x00007ffdda800000 - 0x00007ffdda816000 	C:\Program Files\Android\Android Studio\jre\jre\bin\zip.dll
0x00007ffddf650000 - 0x00007ffde0a86000 	C:\WINDOWS\System32\SHELL32.dll
0x00007ffde0ce0000 - 0x00007ffde0d86000 	C:\WINDOWS\System32\shcore.dll
0x00007ffdddcf0000 - 0x00007ffdde437000 	C:\WINDOWS\System32\windows.storage.dll
0x00007ffdde9d0000 - 0x00007ffddea21000 	C:\WINDOWS\System32\shlwapi.dll
0x00007ffddd7d0000 - 0x00007ffddd7e1000 	C:\WINDOWS\System32\kernel.appcore.dll
0x00007ffddd780000 - 0x00007ffddd7cc000 	C:\WINDOWS\System32\powrprof.dll
0x00007ffddd7f0000 - 0x00007ffddd80b000 	C:\WINDOWS\System32\profapi.dll
0x00007ffdda200000 - 0x00007ffdda21a000 	C:\Program Files\Android\Android Studio\jre\jre\bin\net.dll
0x00007ffddcff0000 - 0x00007ffddd056000 	C:\WINDOWS\system32\mswsock.dll
0x00007ffdd2700000 - 0x00007ffdd2711000 	C:\Program Files\Android\Android Studio\jre\jre\bin\nio.dll
0x00007ffdd03f0000 - 0x00007ffdd040e000 	C:\Users\viktoria\.gradle\native\25\windows-amd64\native-platform.dll
0x00007ffdda8a0000 - 0x00007ffdda8ad000 	C:\Program Files\Android\Android Studio\jre\jre\bin\management.dll
0x00007ffddd1b0000 - 0x00007ffddd1c7000 	C:\WINDOWS\SYSTEM32\CRYPTSP.dll
0x00007ffddcbf0000 - 0x00007ffddcc23000 	C:\WINDOWS\system32\rsaenh.dll
0x00007ffddd2c0000 - 0x00007ffddd2e5000 	C:\WINDOWS\SYSTEM32\bcrypt.dll
0x00007ffddd690000 - 0x00007ffddd6b9000 	C:\WINDOWS\SYSTEM32\USERENV.dll
0x00007ffddd1d0000 - 0x00007ffddd1db000 	C:\WINDOWS\SYSTEM32\CRYPTBASE.dll
0x00007ffddcd80000 - 0x00007ffddcdb9000 	C:\WINDOWS\SYSTEM32\IPHLPAPI.DLL
0x00007ffde1230000 - 0x00007ffde1238000 	C:\WINDOWS\System32\NSI.dll
0x00007ffdd0320000 - 0x00007ffdd0336000 	C:\WINDOWS\SYSTEM32\dhcpcsvc6.DLL
0x00007ffdd0300000 - 0x00007ffdd031a000 	C:\WINDOWS\SYSTEM32\dhcpcsvc.DLL

VM Arguments:
jvm_args: -Xmx1536m -Dfile.encoding=windows-1250 -Duser.country=HU -Duser.language=hu -Duser.variant 
java_command: org.gradle.launcher.daemon.bootstrap.GradleDaemon 4.1
java_class_path (initial): C:\Users\viktoria\.gradle\wrapper\dists\gradle-4.1-all\bzyivzo6n839fup2jbap0tjew\gradle-4.1\lib\gradle-launcher-4.1.jar
Launcher Type: SUN_STANDARD

Environment Variables:
PATH=C:\ProgramData\Oracle\Java\javapath;C:\Program Files\Java\jdk1.8.0_112\bin;C:\Program Files\Java\jre1.8.0_112\bin;%JAVA_HOME%/bin;C:\Program Files\Microsoft SQL Server\130\Tools\Binn\;C:\Program Files (x86)\Windows Kits\8.1\Windows Performance Toolkit\;C:\Windows\System32;C:\Program Files\Git\cmd;C:\Program Files\PuTTY\;C:\Program Files\nodejs\;C:\WINDOWS\system32;C:\WINDOWS;C:\WINDOWS\System32\Wbem;C:\WINDOWS\System32\WindowsPowerShell\v1.0\;C:\Users\viktoria\AppData\Local\Microsoft\WindowsApps;
USERNAME=viktoria
OS=Windows_NT
PROCESSOR_IDENTIFIER=Intel64 Family 6 Model 61 Stepping 4, GenuineIntel



---------------  S Y S T E M  ---------------

OS: Windows 10.0 , 64 bit Build 16299 (10.0.16299.15)

CPU:total 4 (initial active 4) (2 cores per cpu, 2 threads per core) family 6 model 61 stepping 4, cmov, cx8, fxsr, mmx, sse, sse2, sse3, ssse3, sse4.1, sse4.2, popcnt, avx, avx2, aes, clmul, erms, 3dnowpref, lzcnt, ht, tsc, tscinvbit, bmi1, bmi2, adx

Memory: 4k page, physical 4103672k(330356k free), swap 7167136k(3756k free)

vm_info: OpenJDK 64-Bit Server VM (25.152-b01) for windows-amd64 JRE (1.8.0_152-release-915-b01), built by "builder" with MS VC++ 10.0 (VS2010)

time: Tue Apr 17 09:43:35 2018
elapsed time: 13 seconds (0d 0h 0m 13s)

