#
# There is insufficient memory for the Java Runtime Environment to continue.
# Native memory allocation (malloc) failed to allocate 32784 bytes for Chunk::new
# Possible reasons:
#   The system is out of physical RAM or swap space
#   In 32 bit mode, the process size limit was hit
# Possible solutions:
#   Reduce memory load on the system
#   Increase physical memory or swap space
#   Check if swap backing store is full
#   Use 64 bit Java on a 64 bit OS
#   Decrease Java heap size (-Xmx/-Xms)
#   Decrease number of Java threads
#   Decrease Java thread stack sizes (-Xss)
#   Set larger code cache with -XX:ReservedCodeCacheSize=
# This output file may be truncated or incomplete.
#
#  Out of Memory Error (allocation.cpp:390), pid=6076, tid=0x0000000000003ba0
#
# JRE version: OpenJDK Runtime Environment (8.0_152-b01) (build 1.8.0_152-release-915-b01)
# Java VM: OpenJDK 64-Bit Server VM (25.152-b01 mixed mode windows-amd64 compressed oops)
# Failed to write core dump. Minidumps are not enabled by default on client versions of Windows
#

---------------  T H R E A D  ---------------

Current thread (0x0000000017fb2800):  JavaThread "C2 CompilerThread0" daemon [_thread_in_native, id=15264, stack(0x0000000019610000,0x0000000019710000)]

Stack: [0x0000000019610000,0x0000000019710000]
[error occurred during error reporting (printing stack bounds), id 0xc0000005]

Native frames: (J=compiled Java code, j=interpreted, Vv=VM code, C=native code)


Current CompileTask:
C2:  70482 10681       4       org.apache.commons.lang.StringUtils::splitWorker (385 bytes)


---------------  P R O C E S S  ---------------

Java Threads: ( => current thread )
  0x000000001d4f3800 JavaThread "Task worker for ':' Thread 3" [_thread_in_native, id=13472, stack(0x0000000027a50000,0x0000000027b50000)]
  0x000000001d4ec000 JavaThread "Task worker for ':' Thread 2" [_thread_blocked, id=12172, stack(0x0000000027950000,0x0000000027a50000)]
  0x000000001d4f3000 JavaThread "Task worker for ':'" [_thread_blocked, id=13424, stack(0x0000000027850000,0x0000000027950000)]
  0x000000001d4f2000 JavaThread "Cache worker for task history cache (C:\Users\viktoria\Desktop\FalsyQuiz\.gradle\4.1\taskHistory)" [_thread_blocked, id=7496, stack(0x0000000027750000,0x0000000027850000)]
  0x000000001d4f1800 JavaThread "Cache worker for file content cache (C:\Users\viktoria\Desktop\FalsyQuiz\.gradle\4.1\fileContent)" [_thread_blocked, id=15280, stack(0x0000000027650000,0x0000000027750000)]
  0x000000001d4f0800 JavaThread "build operations Thread 4" [_thread_blocked, id=8180, stack(0x0000000027550000,0x0000000027650000)]
  0x000000001d4f0000 JavaThread "build operations Thread 3" [_thread_blocked, id=11968, stack(0x0000000027450000,0x0000000027550000)]
  0x000000001d4ef000 JavaThread "build operations Thread 2" [_thread_blocked, id=296, stack(0x0000000027350000,0x0000000027450000)]
  0x000000001d4ee800 JavaThread "build operations" [_thread_blocked, id=1616, stack(0x0000000027250000,0x0000000027350000)]
  0x000000001d4e7000 JavaThread "Cache worker for Artifact transforms cache (C:\Users\viktoria\.gradle\caches\transforms-1)" [_thread_blocked, id=7752, stack(0x0000000027150000,0x0000000027250000)]
  0x000000001d4ed800 JavaThread "Cache worker for file hash cache (C:\Users\viktoria\Desktop\FalsyQuiz\.gradle\4.1\fileHashes)" [_thread_blocked, id=1304, stack(0x0000000027050000,0x0000000027150000)]
  0x000000001d4e9000 JavaThread "Stdin handler" [_thread_blocked, id=9272, stack(0x0000000026f50000,0x0000000027050000)]
  0x000000001d4ea800 JavaThread "Asynchronous log dispatcher for DefaultDaemonConnection: socket connection from /127.0.0.1:52155 to /127.0.0.1:52259" [_thread_blocked, id=12452, stack(0x0000000026e50000,0x0000000026f50000)]
  0x000000001d4ea000 JavaThread "Cancel handler" [_thread_blocked, id=9752, stack(0x0000000026d50000,0x0000000026e50000)]
  0x000000001d4e8800 JavaThread "Handler for socket connection from /127.0.0.1:52155 to /127.0.0.1:52259" [_thread_in_native, id=15768, stack(0x0000000026c50000,0x0000000026d50000)]
  0x000000001d4e7800 JavaThread "Memory manager" [_thread_blocked, id=5700, stack(0x0000000023860000,0x0000000023960000)]
  0x000000001d4eb800 JavaThread "pool-1-thread-1" [_thread_blocked, id=12644, stack(0x0000000023560000,0x0000000023660000)]
  0x000000001b398800 JavaThread "File lock request listener" [_thread_in_native, id=14400, stack(0x000000001c860000,0x000000001c960000)]
  0x000000001ac04800 JavaThread "Cache worker for file hash cache (C:\Users\viktoria\.gradle\caches\4.1\fileHashes)" [_thread_blocked, id=3924, stack(0x000000001c760000,0x000000001c860000)]
  0x000000001ab59800 JavaThread "Daemon worker" [_thread_blocked, id=7492, stack(0x000000001c460000,0x000000001c560000)]
  0x000000001b196000 JavaThread "Daemon" [_thread_blocked, id=15640, stack(0x000000001bf60000,0x000000001c060000)]
  0x000000001a7c5000 JavaThread "Daemon periodic checks" [_thread_blocked, id=7124, stack(0x000000001be60000,0x000000001bf60000)]
  0x000000001b0ee800 JavaThread "Incoming local TCP Connector on port 52155" [_thread_in_native, id=9604, stack(0x000000001bc20000,0x000000001bd20000)]
  0x0000000019915000 JavaThread "Service Thread" daemon [_thread_blocked, id=13216, stack(0x0000000019d10000,0x0000000019e10000)]
  0x000000000454e000 JavaThread "C1 CompilerThread2" daemon [_thread_in_native, id=6640, stack(0x0000000019810000,0x0000000019910000)]
  0x000000001800b800 JavaThread "C2 CompilerThread1" daemon [_thread_in_native, id=7208, stack(0x0000000019710000,0x0000000019810000)]
=>0x0000000017fb2800 JavaThread "C2 CompilerThread0" daemon [_thread_in_native, id=15264, stack(0x0000000019610000,0x0000000019710000)]
  0x0000000017fb1800 JavaThread "Attach Listener" daemon [_thread_blocked, id=13212, stack(0x0000000019510000,0x0000000019610000)]
  0x0000000017fb0000 JavaThread "Signal Dispatcher" daemon [_thread_blocked, id=9236, stack(0x0000000019410000,0x0000000019510000)]
  0x0000000017f98800 JavaThread "Finalizer" daemon [_thread_blocked, id=2696, stack(0x0000000019210000,0x0000000019310000)]
  0x0000000004541000 JavaThread "Reference Handler" daemon [_thread_blocked, id=2088, stack(0x0000000019110000,0x0000000019210000)]
  0x000000000463d800 JavaThread "main" [_thread_blocked, id=976, stack(0x0000000002b20000,0x0000000002c20000)]

Other Threads:
  0x0000000017f75800 VMThread [stack: 0x0000000019010000,0x0000000019110000] [id=6784]
  0x0000000019916000 WatcherThread [stack: 0x0000000019e10000,0x0000000019f10000] [id=4612]

VM state:not at safepoint (normal execution)

VM Mutex/Monitor currently owned by a thread: None

Heap:
 PSYoungGen      total 167424K, used 42925K [0x00000000e0000000, 0x00000000eb580000, 0x0000000100000000)
  eden space 154112K, 21% used [0x00000000e0000000,0x00000000e1fc0dd8,0x00000000e9680000)
  from space 13312K, 78% used [0x00000000ea880000,0x00000000eb2aa900,0x00000000eb580000)
  to   space 15872K, 0% used [0x00000000e9680000,0x00000000e9680000,0x00000000ea600000)
 ParOldGen       total 109568K, used 47990K [0x00000000a0000000, 0x00000000a6b00000, 0x00000000e0000000)
  object space 109568K, 43% used [0x00000000a0000000,0x00000000a2edd830,0x00000000a6b00000)
 Metaspace       used 64107K, capacity 67334K, committed 67476K, reserved 1107968K
  class space    used 8536K, capacity 9333K, committed 9404K, reserved 1048576K

Card table byte_map: [0x0000000013a00000,0x0000000013d10000] byte_map_base: 0x0000000013500000

Marking Bits: (ParMarkBitMap*) 0x00000000728d3950
 Begin Bits: [0x0000000014310000, 0x0000000015b10000)
 End Bits:   [0x0000000015b10000, 0x0000000017310000)

Polling page: 0x00000000003f0000

CodeCache: size=245760Kb used=29953Kb max_used=29953Kb free=215806Kb
 bounds [0x0000000004640000, 0x00000000063b0000, 0x0000000013640000]
 total_blobs=9694 nmethods=8900 adapters=706
 compilation: enabled

Compilation events (10 events):
Event: 70.359 Thread 0x000000000454e000 10678       3       org.gradle.api.internal.file.collections.FileTreeAdapter::<init> (10 bytes)
Event: 70.360 Thread 0x000000000454e000 nmethod 10678 0x0000000004ae7b10 code [0x0000000004ae7c80, 0x0000000004ae7f10]
Event: 70.361 Thread 0x000000000454e000 10679       3       org.gradle.api.specs.CompositeSpec::<init> (116 bytes)
Event: 70.361 Thread 0x000000001800b800 10680       4       org.gradle.api.internal.file.pattern.PatternMatcherFactory::compile (91 bytes)
Event: 70.362 Thread 0x0000000017fb2800 10681       4       org.apache.commons.lang.StringUtils::splitWorker (385 bytes)
Event: 70.362 Thread 0x000000000454e000 nmethod 10679 0x00000000063a48d0 code [0x00000000063a4b80, 0x00000000063a5f08]
Event: 70.362 Thread 0x000000000454e000 10682       3       org.gradle.api.tasks.util.internal.PatternSpecFactory::createSpec (103 bytes)
Event: 70.364 Thread 0x000000000454e000 nmethod 10682 0x00000000063a6750 code [0x00000000063a6a00, 0x00000000063a7d48]
Event: 70.371 Thread 0x000000000454e000 10683   !   3       org.gradle.cache.internal.LockOnDemandCrossProcessCacheAccess::withFileLock (24 bytes)
Event: 70.372 Thread 0x000000000454e000 nmethod 10683 0x0000000004abf750 code [0x0000000004abf8e0, 0x0000000004abfbd8]

GC Heap History (10 events):
Event: 21.626 GC heap before
{Heap before GC invocations=17 (full 2):
 PSYoungGen      total 117760K, used 114071K [0x00000000e0000000, 0x00000000e8180000, 0x0000000100000000)
  eden space 105472K, 100% used [0x00000000e0000000,0x00000000e6700000,0x00000000e6700000)
  from space 12288K, 69% used [0x00000000e7380000,0x00000000e7be5e78,0x00000000e7f80000)
  to   space 12800K, 0% used [0x00000000e6700000,0x00000000e6700000,0x00000000e7380000)
 ParOldGen       total 57344K, used 27709K [0x00000000a0000000, 0x00000000a3800000, 0x00000000e0000000)
  object space 57344K, 48% used [0x00000000a0000000,0x00000000a1b0f558,0x00000000a3800000)
 Metaspace       used 54544K, capacity 56612K, committed 56664K, reserved 1097728K
  class space    used 7485K, capacity 8040K, committed 8064K, reserved 1048576K
Event: 21.682 GC heap after
Heap after GC invocations=17 (full 2):
 PSYoungGen      total 118272K, used 12800K [0x00000000e0000000, 0x00000000ea900000, 0x0000000100000000)
  eden space 105472K, 0% used [0x00000000e0000000,0x00000000e0000000,0x00000000e6700000)
  from space 12800K, 100% used [0x00000000e6700000,0x00000000e7380000,0x00000000e7380000)
  to   space 16384K, 0% used [0x00000000e9900000,0x00000000e9900000,0x00000000ea900000)
 ParOldGen       total 57344K, used 32518K [0x00000000a0000000, 0x00000000a3800000, 0x00000000e0000000)
  object space 57344K, 56% used [0x00000000a0000000,0x00000000a1fc1808,0x00000000a3800000)
 Metaspace       used 54544K, capacity 56612K, committed 56664K, reserved 1097728K
  class space    used 7485K, capacity 8040K, committed 8064K, reserved 1048576K
}
Event: 25.356 GC heap before
{Heap before GC invocations=18 (full 2):
 PSYoungGen      total 118272K, used 89366K [0x00000000e0000000, 0x00000000ea900000, 0x0000000100000000)
  eden space 105472K, 72% used [0x00000000e0000000,0x00000000e4ac5818,0x00000000e6700000)
  from space 12800K, 100% used [0x00000000e6700000,0x00000000e7380000,0x00000000e7380000)
  to   space 16384K, 0% used [0x00000000e9900000,0x00000000e9900000,0x00000000ea900000)
 ParOldGen       total 57344K, used 32518K [0x00000000a0000000, 0x00000000a3800000, 0x00000000e0000000)
  object space 57344K, 56% used [0x00000000a0000000,0x00000000a1fc1808,0x00000000a3800000)
 Metaspace       used 56636K, capacity 58986K, committed 59028K, reserved 1099776K
  class space    used 7737K, capacity 8375K, committed 8380K, reserved 1048576K
Event: 25.393 GC heap after
Heap after GC invocations=18 (full 2):
 PSYoungGen      total 150528K, used 7500K [0x00000000e0000000, 0x00000000ea500000, 0x0000000100000000)
  eden space 138240K, 0% used [0x00000000e0000000,0x00000000e0000000,0x00000000e8700000)
  from space 12288K, 61% used [0x00000000e9900000,0x00000000ea0533d0,0x00000000ea500000)
  to   space 15360K, 0% used [0x00000000e8700000,0x00000000e8700000,0x00000000e9600000)
 ParOldGen       total 57344K, used 45375K [0x00000000a0000000, 0x00000000a3800000, 0x00000000e0000000)
  object space 57344K, 79% used [0x00000000a0000000,0x00000000a2c4fcc0,0x00000000a3800000)
 Metaspace       used 56636K, capacity 58986K, committed 59028K, reserved 1099776K
  class space    used 7737K, capacity 8375K, committed 8380K, reserved 1048576K
}
Event: 25.393 GC heap before
{Heap before GC invocations=19 (full 3):
 PSYoungGen      total 150528K, used 7500K [0x00000000e0000000, 0x00000000ea500000, 0x0000000100000000)
  eden space 138240K, 0% used [0x00000000e0000000,0x00000000e0000000,0x00000000e8700000)
  from space 12288K, 61% used [0x00000000e9900000,0x00000000ea0533d0,0x00000000ea500000)
  to   space 15360K, 0% used [0x00000000e8700000,0x00000000e8700000,0x00000000e9600000)
 ParOldGen       total 57344K, used 45375K [0x00000000a0000000, 0x00000000a3800000, 0x00000000e0000000)
  object space 57344K, 79% used [0x00000000a0000000,0x00000000a2c4fcc0,0x00000000a3800000)
 Metaspace       used 56636K, capacity 58986K, committed 59028K, reserved 1099776K
  class space    used 7737K, capacity 8375K, committed 8380K, reserved 1048576K
Event: 25.979 GC heap after
Heap after GC invocations=19 (full 3):
 PSYoungGen      total 150528K, used 0K [0x00000000e0000000, 0x00000000ea500000, 0x0000000100000000)
  eden space 138240K, 0% used [0x00000000e0000000,0x00000000e0000000,0x00000000e8700000)
  from space 12288K, 0% used [0x00000000e9900000,0x00000000e9900000,0x00000000ea500000)
  to   space 15360K, 0% used [0x00000000e8700000,0x00000000e8700000,0x00000000e9600000)
 ParOldGen       total 109568K, used 47974K [0x00000000a0000000, 0x00000000a6b00000, 0x00000000e0000000)
  object space 109568K, 43% used [0x00000000a0000000,0x00000000a2ed9830,0x00000000a6b00000)
 Metaspace       used 56636K, capacity 58986K, committed 59028K, reserved 1099776K
  class space    used 7737K, capacity 8375K, committed 8380K, reserved 1048576K
}
Event: 37.847 GC heap before
{Heap before GC invocations=20 (full 3):
 PSYoungGen      total 150528K, used 138240K [0x00000000e0000000, 0x00000000ea500000, 0x0000000100000000)
  eden space 138240K, 100% used [0x00000000e0000000,0x00000000e8700000,0x00000000e8700000)
  from space 12288K, 0% used [0x00000000e9900000,0x00000000e9900000,0x00000000ea500000)
  to   space 15360K, 0% used [0x00000000e8700000,0x00000000e8700000,0x00000000e9600000)
 ParOldGen       total 109568K, used 47974K [0x00000000a0000000, 0x00000000a6b00000, 0x00000000e0000000)
  object space 109568K, 43% used [0x00000000a0000000,0x00000000a2ed9830,0x00000000a6b00000)
 Metaspace       used 61968K, capacity 64750K, committed 65044K, reserved 1105920K
  class space    used 8300K, capacity 8991K, committed 9020K, reserved 1048576K
Event: 37.866 GC heap after
Heap after GC invocations=20 (full 3):
 PSYoungGen      total 153600K, used 11136K [0x00000000e0000000, 0x00000000eb800000, 0x0000000100000000)
  eden space 138240K, 0% used [0x00000000e0000000,0x00000000e0000000,0x00000000e8700000)
  from space 15360K, 72% used [0x00000000e8700000,0x00000000e91e02f0,0x00000000e9600000)
  to   space 15872K, 0% used [0x00000000ea880000,0x00000000ea880000,0x00000000eb800000)
 ParOldGen       total 109568K, used 47982K [0x00000000a0000000, 0x00000000a6b00000, 0x00000000e0000000)
  object space 109568K, 43% used [0x00000000a0000000,0x00000000a2edb830,0x00000000a6b00000)
 Metaspace       used 61968K, capacity 64750K, committed 65044K, reserved 1105920K
  class space    used 8300K, capacity 8991K, committed 9020K, reserved 1048576K
}
Event: 60.510 GC heap before
{Heap before GC invocations=21 (full 3):
 PSYoungGen      total 153600K, used 149376K [0x00000000e0000000, 0x00000000eb800000, 0x0000000100000000)
  eden space 138240K, 100% used [0x00000000e0000000,0x00000000e8700000,0x00000000e8700000)
  from space 15360K, 72% used [0x00000000e8700000,0x00000000e91e02f0,0x00000000e9600000)
  to   space 15872K, 0% used [0x00000000ea880000,0x00000000ea880000,0x00000000eb800000)
 ParOldGen       total 109568K, used 47982K [0x00000000a0000000, 0x00000000a6b00000, 0x00000000e0000000)
  object space 109568K, 43% used [0x00000000a0000000,0x00000000a2edb830,0x00000000a6b00000)
 Metaspace       used 63963K, capacity 67190K, committed 67476K, reserved 1107968K
  class space    used 8522K, capacity 9293K, committed 9404K, reserved 1048576K
Event: 60.536 GC heap after
Heap after GC invocations=21 (full 3):
 PSYoungGen      total 167424K, used 10410K [0x00000000e0000000, 0x00000000eb580000, 0x0000000100000000)
  eden space 154112K, 0% used [0x00000000e0000000,0x00000000e0000000,0x00000000e9680000)
  from space 13312K, 78% used [0x00000000ea880000,0x00000000eb2aa900,0x00000000eb580000)
  to   space 15872K, 0% used [0x00000000e9680000,0x00000000e9680000,0x00000000ea600000)
 ParOldGen       total 109568K, used 47990K [0x00000000a0000000, 0x00000000a6b00000, 0x00000000e0000000)
  object space 109568K, 43% used [0x00000000a0000000,0x00000000a2edd830,0x00000000a6b00000)
 Metaspace       used 63963K, capacity 67190K, committed 67476K, reserved 1107968K
  class space    used 8522K, capacity 9293K, committed 9404K, reserved 1048576K
}

Deoptimization events (10 events):
Event: 69.690 Thread 0x000000001d4f3800 Uncommon trap: reason=unstable_if action=reinterpret pc=0x00000000063365f4 method=org.gradle.api.internal.file.collections.jdk7.Jdk7DirectoryWalker$1.checkStopFlag()Ljava/nio/file/FileVisitResult; @ 7
Event: 70.026 Thread 0x000000001d4f3800 Uncommon trap: reason=bimorphic action=maybe_recompile pc=0x00000000049703f0 method=com.google.common.collect.ImmutableList.copyOf(Ljava/util/Collection;)Lcom/google/common/collect/ImmutableList; @ 35
Event: 70.031 Thread 0x000000001d4f3800 Uncommon trap: reason=bimorphic action=maybe_recompile pc=0x00000000049703f0 method=com.google.common.collect.ImmutableList.copyOf(Ljava/util/Collection;)Lcom/google/common/collect/ImmutableList; @ 35
Event: 70.057 Thread 0x000000001d4f3800 Uncommon trap: reason=class_check action=maybe_recompile pc=0x0000000004b9268c method=java.lang.AbstractStringBuilder.append(Ljava/lang/CharSequence;)Ljava/lang/AbstractStringBuilder; @ 26
Event: 70.057 Thread 0x000000001d4f3800 Uncommon trap: reason=class_check action=maybe_recompile pc=0x0000000004b14be0 method=java.lang.AbstractStringBuilder.append(Ljava/lang/CharSequence;II)Ljava/lang/AbstractStringBuilder; @ 18
Event: 70.059 Thread 0x000000001d4f3800 Uncommon trap: reason=class_check action=maybe_recompile pc=0x0000000004b9268c method=java.lang.AbstractStringBuilder.append(Ljava/lang/CharSequence;)Ljava/lang/AbstractStringBuilder; @ 26
Event: 70.059 Thread 0x000000001d4f3800 Uncommon trap: reason=class_check action=maybe_recompile pc=0x0000000004b14be0 method=java.lang.AbstractStringBuilder.append(Ljava/lang/CharSequence;II)Ljava/lang/AbstractStringBuilder; @ 18
Event: 70.077 Thread 0x000000001d4ec000 Uncommon trap: reason=predicate action=maybe_recompile pc=0x00000000060ac9c8 method=com.google.common.collect.RegularImmutableMap.fromEntryArray(I[Ljava/util/Map$Entry;)Lcom/google/common/collect/RegularImmutableMap; @ 62
Event: 70.268 Thread 0x000000001d4ec000 Uncommon trap: reason=class_check action=maybe_recompile pc=0x000000000602e930 method=org.gradle.api.internal.file.pattern.PatternMatcherFactory$PathMatcherBackedSpec.isSatisfiedBy(Lorg/gradle/api/file/RelativePath;)Z @ 23
Event: 70.316 Thread 0x000000001d4ec000 Uncommon trap: reason=unstable_if action=reinterpret pc=0x00000000063270a0 method=org.gradle.api.internal.changedetection.state.InMemoryDecoratedCache.get(Ljava/lang/Object;)Ljava/lang/Object; @ 106

Classes redefined (0 events):
No events

Internal exceptions (10 events):
Event: 56.811 Thread 0x000000001ab59800 Exception <a 'java/lang/NoSuchMethodError': <clinit>> (0x00000000e2feac68) thrown at [D:\src\AOSP-openjdk-cygwin\jdk8u\hotspot\src\share\vm\prims\jni.cpp, line 1613]
Event: 56.812 Thread 0x000000001ab59800 Exception <a 'java/lang/NoSuchMethodError': <clinit>> (0x00000000e2ff7820) thrown at [D:\src\AOSP-openjdk-cygwin\jdk8u\hotspot\src\share\vm\prims\jni.cpp, line 1613]
Event: 56.820 Thread 0x000000001ab59800 Exception <a 'java/lang/NoSuchMethodError': <clinit>> (0x00000000e3062760) thrown at [D:\src\AOSP-openjdk-cygwin\jdk8u\hotspot\src\share\vm\prims\jni.cpp, line 1613]
Event: 56.820 Thread 0x000000001ab59800 Exception <a 'java/lang/NoSuchMethodError': <clinit>> (0x00000000e30663b8) thrown at [D:\src\AOSP-openjdk-cygwin\jdk8u\hotspot\src\share\vm\prims\jni.cpp, line 1613]
Event: 56.820 Thread 0x000000001ab59800 Exception <a 'java/lang/NoSuchMethodError': <clinit>> (0x00000000e3067ec0) thrown at [D:\src\AOSP-openjdk-cygwin\jdk8u\hotspot\src\share\vm\prims\jni.cpp, line 1613]
Event: 56.842 Thread 0x000000001ab59800 Exception <a 'java/lang/ClassNotFoundException': sync_local_repo2_5yf974cfk2f4sun8z5dou71y3BeanInfo> (0x00000000e30d90e8) thrown at [D:\src\AOSP-openjdk-cygwin\jdk8u\hotspot\src\share\vm\classfile\systemDictionary.cpp, line 210]
Event: 56.842 Thread 0x000000001ab59800 Exception <a 'java/lang/ClassNotFoundException': sync_local_repo2_5yf974cfk2f4sun8z5dou71y3Customizer> (0x00000000e30e3510) thrown at [D:\src\AOSP-openjdk-cygwin\jdk8u\hotspot\src\share\vm\classfile\systemDictionary.cpp, line 210]
Event: 57.715 Thread 0x000000001ab59800 Exception <a 'sun/nio/fs/WindowsException'> (0x00000000e616cf68) thrown at [D:\src\AOSP-openjdk-cygwin\jdk8u\hotspot\src\share\vm\prims\jni.cpp, line 709]
Event: 58.551 Thread 0x000000001ab59800 Implicit null exception at 0x0000000004885d7a to 0x000000000488705d
Event: 70.322 Thread 0x000000001d4ec000 Exception <a 'java/lang/NoSuchMethodError': <clinit>> (0x00000000e1dc9208) thrown at [D:\src\AOSP-openjdk-cygwin\jdk8u\hotspot\src\share\vm\prims\jni.cpp, line 1613]

Events (10 events):
Event: 70.268 Thread 0x000000001d4ec000 DEOPT UNPACKING pc=0x000000000468556a sp=0x0000000027a4da70 mode 2
Event: 70.285 loading class org/gradle/api/internal/file/collections/SingletonFileTree
Event: 70.285 loading class org/gradle/api/internal/file/collections/SingletonFileTree done
Event: 70.290 loading class org/gradle/api/internal/file/AbstractFileTree$FilteredFileTreeImpl
Event: 70.290 loading class org/gradle/api/internal/file/AbstractFileTree$FilteredFileTreeImpl done
Event: 70.316 Thread 0x000000001d4ec000 Uncommon trap: trap_request=0xffffff65 fr.pc=0x00000000063270a0
Event: 70.316 Thread 0x000000001d4ec000 DEOPT PACKING pc=0x00000000063270a0 sp=0x0000000027a4e6f0
Event: 70.316 Thread 0x000000001d4ec000 DEOPT UNPACKING pc=0x000000000468556a sp=0x0000000027a4e5c8 mode 2
Event: 70.317 loading class com/android/builder/model/SourceProvider
Event: 70.317 loading class com/android/builder/model/SourceProvider done


Dynamic libraries:
0x00007ff77ae40000 - 0x00007ff77ae71000 	C:\Program Files\Android\Android Studio\jre\bin\java.exe
0x00007ffde1410000 - 0x00007ffde15f0000 	C:\WINDOWS\SYSTEM32\ntdll.dll
0x00007ffddf3f0000 - 0x00007ffddf49e000 	C:\WINDOWS\System32\KERNEL32.DLL
0x00007ffddda20000 - 0x00007ffdddc86000 	C:\WINDOWS\System32\KERNELBASE.dll
0x00007ffddefe0000 - 0x00007ffddf081000 	C:\WINDOWS\System32\ADVAPI32.dll
0x00007ffde0b30000 - 0x00007ffde0bcd000 	C:\WINDOWS\System32\msvcrt.dll
0x00007ffddef50000 - 0x00007ffddefab000 	C:\WINDOWS\System32\sechost.dll
0x00007ffddf150000 - 0x00007ffddf26f000 	C:\WINDOWS\System32\RPCRT4.dll
0x00007ffde10a0000 - 0x00007ffde122f000 	C:\WINDOWS\System32\USER32.dll
0x00007ffddd810000 - 0x00007ffddd830000 	C:\WINDOWS\System32\win32u.dll
0x00007ffddf090000 - 0x00007ffddf0b8000 	C:\WINDOWS\System32\GDI32.dll
0x00007ffddd830000 - 0x00007ffddd9c3000 	C:\WINDOWS\System32\gdi32full.dll
0x00007ffdde5c0000 - 0x00007ffdde65b000 	C:\WINDOWS\System32\msvcp_win.dll
0x00007ffdde4c0000 - 0x00007ffdde5b6000 	C:\WINDOWS\System32\ucrtbase.dll
0x00007ffdcf840000 - 0x00007ffdcfaa9000 	C:\WINDOWS\WinSxS\amd64_microsoft.windows.common-controls_6595b64144ccf1df_6.0.16299.371_none_15c7d1789365a290\COMCTL32.dll
0x00007ffde0d90000 - 0x00007ffde1098000 	C:\WINDOWS\System32\combase.dll
0x00007ffdde440000 - 0x00007ffdde4b2000 	C:\WINDOWS\System32\bcryptPrimitives.dll
0x00007ffddf120000 - 0x00007ffddf14d000 	C:\WINDOWS\System32\IMM32.DLL
0x0000000072e50000 - 0x0000000072f22000 	C:\Program Files\Android\Android Studio\jre\jre\bin\msvcr100.dll
0x0000000072110000 - 0x000000007294e000 	C:\Program Files\Android\Android Studio\jre\jre\bin\server\jvm.dll
0x00007ffddefd0000 - 0x00007ffddefd8000 	C:\WINDOWS\System32\PSAPI.DLL
0x00007ffdc46f0000 - 0x00007ffdc46f9000 	C:\WINDOWS\SYSTEM32\WSOCK32.dll
0x00007ffdde960000 - 0x00007ffdde9cc000 	C:\WINDOWS\System32\WS2_32.dll
0x00007ffdda0a0000 - 0x00007ffdda0c3000 	C:\WINDOWS\SYSTEM32\WINMM.dll
0x00007ffdd8e70000 - 0x00007ffdd8e7a000 	C:\WINDOWS\SYSTEM32\VERSION.dll
0x00007ffdd9fc0000 - 0x00007ffdd9fea000 	C:\WINDOWS\SYSTEM32\WINMMBASE.dll
0x00007ffddd9d0000 - 0x00007ffddda1a000 	C:\WINDOWS\System32\cfgmgr32.dll
0x00007ffdda8b0000 - 0x00007ffdda8bf000 	C:\Program Files\Android\Android Studio\jre\jre\bin\verify.dll
0x00007ffdd3010000 - 0x00007ffdd3039000 	C:\Program Files\Android\Android Studio\jre\jre\bin\java.dll
0x00007ffdda800000 - 0x00007ffdda816000 	C:\Program Files\Android\Android Studio\jre\jre\bin\zip.dll
0x00007ffddf650000 - 0x00007ffde0a86000 	C:\WINDOWS\System32\SHELL32.dll
0x00007ffde0ce0000 - 0x00007ffde0d86000 	C:\WINDOWS\System32\shcore.dll
0x00007ffdddcf0000 - 0x00007ffdde437000 	C:\WINDOWS\System32\windows.storage.dll
0x00007ffdde9d0000 - 0x00007ffddea21000 	C:\WINDOWS\System32\shlwapi.dll
0x00007ffddd7d0000 - 0x00007ffddd7e1000 	C:\WINDOWS\System32\kernel.appcore.dll
0x00007ffddd780000 - 0x00007ffddd7cc000 	C:\WINDOWS\System32\powrprof.dll
0x00007ffddd7f0000 - 0x00007ffddd80b000 	C:\WINDOWS\System32\profapi.dll
0x00007ffdda200000 - 0x00007ffdda21a000 	C:\Program Files\Android\Android Studio\jre\jre\bin\net.dll
0x00007ffddcff0000 - 0x00007ffddd056000 	C:\WINDOWS\system32\mswsock.dll
0x00007ffdd2700000 - 0x00007ffdd2711000 	C:\Program Files\Android\Android Studio\jre\jre\bin\nio.dll
0x00007ffdd03f0000 - 0x00007ffdd040e000 	C:\Users\viktoria\.gradle\native\25\windows-amd64\native-platform.dll
0x00007ffdda8a0000 - 0x00007ffdda8ad000 	C:\Program Files\Android\Android Studio\jre\jre\bin\management.dll
0x00007ffddd1b0000 - 0x00007ffddd1c7000 	C:\WINDOWS\SYSTEM32\CRYPTSP.dll
0x00007ffddcbf0000 - 0x00007ffddcc23000 	C:\WINDOWS\system32\rsaenh.dll
0x00007ffddd2c0000 - 0x00007ffddd2e5000 	C:\WINDOWS\SYSTEM32\bcrypt.dll
0x00007ffddd690000 - 0x00007ffddd6b9000 	C:\WINDOWS\SYSTEM32\USERENV.dll
0x00007ffddd1d0000 - 0x00007ffddd1db000 	C:\WINDOWS\SYSTEM32\CRYPTBASE.dll
0x00007ffddcd80000 - 0x00007ffddcdb9000 	C:\WINDOWS\SYSTEM32\IPHLPAPI.DLL
0x00007ffde1230000 - 0x00007ffde1238000 	C:\WINDOWS\System32\NSI.dll
0x00007ffdd0320000 - 0x00007ffdd0336000 	C:\WINDOWS\SYSTEM32\dhcpcsvc6.DLL
0x00007ffdd0300000 - 0x00007ffdd031a000 	C:\WINDOWS\SYSTEM32\dhcpcsvc.DLL

VM Arguments:
jvm_args: -Xmx1536m -Dfile.encoding=windows-1250 -Duser.country=HU -Duser.language=hu -Duser.variant 
java_command: org.gradle.launcher.daemon.bootstrap.GradleDaemon 4.1
java_class_path (initial): C:\Users\viktoria\.gradle\wrapper\dists\gradle-4.1-all\bzyivzo6n839fup2jbap0tjew\gradle-4.1\lib\gradle-launcher-4.1.jar
Launcher Type: SUN_STANDARD

Environment Variables:
PATH=C:\ProgramData\Oracle\Java\javapath;C:\Program Files\Java\jdk1.8.0_112\bin;C:\Program Files\Java\jre1.8.0_112\bin;%JAVA_HOME%/bin;C:\Program Files\Microsoft SQL Server\130\Tools\Binn\;C:\Program Files (x86)\Windows Kits\8.1\Windows Performance Toolkit\;C:\Windows\System32;C:\Program Files\Git\cmd;C:\Program Files\PuTTY\;C:\Program Files\nodejs\;C:\WINDOWS\system32;C:\WINDOWS;C:\WINDOWS\System32\Wbem;C:\WINDOWS\System32\WindowsPowerShell\v1.0\;C:\Users\viktoria\AppData\Local\Microsoft\WindowsApps;
USERNAME=viktoria
OS=Windows_NT
PROCESSOR_IDENTIFIER=Intel64 Family 6 Model 61 Stepping 4, GenuineIntel



---------------  S Y S T E M  ---------------

OS: Windows 10.0 , 64 bit Build 16299 (10.0.16299.15)

CPU:total 4 (initial active 4) (2 cores per cpu, 2 threads per core) family 6 model 61 stepping 4, cmov, cx8, fxsr, mmx, sse, sse2, sse3, ssse3, sse4.1, sse4.2, popcnt, avx, avx2, aes, clmul, erms, 3dnowpref, lzcnt, ht, tsc, tscinvbit, bmi1, bmi2, adx

Memory: 4k page, physical 4103672k(344716k free), swap 7170752k(0k free)

vm_info: OpenJDK 64-Bit Server VM (25.152-b01) for windows-amd64 JRE (1.8.0_152-release-915-b01), built by "builder" with MS VC++ 10.0 (VS2010)

time: Tue Apr 17 09:43:06 2018
elapsed time: 70 seconds (0d 0h 1m 10s)

