#
# There is insufficient memory for the Java Runtime Environment to continue.
# Native memory allocation (malloc) failed to allocate 270976 bytes for Chunk::new
# Possible reasons:
#   The system is out of physical RAM or swap space
#   In 32 bit mode, the process size limit was hit
# Possible solutions:
#   Reduce memory load on the system
#   Increase physical memory or swap space
#   Check if swap backing store is full
#   Use 64 bit Java on a 64 bit OS
#   Decrease Java heap size (-Xmx/-Xms)
#   Decrease number of Java threads
#   Decrease Java thread stack sizes (-Xss)
#   Set larger code cache with -XX:ReservedCodeCacheSize=
# This output file may be truncated or incomplete.
#
#  Out of Memory Error (allocation.cpp:390), pid=4060, tid=0x00000000000033fc
#
# JRE version: OpenJDK Runtime Environment (8.0_152-b01) (build 1.8.0_152-release-915-b01)
# Java VM: OpenJDK 64-Bit Server VM (25.152-b01 mixed mode windows-amd64 compressed oops)
# Failed to write core dump. Minidumps are not enabled by default on client versions of Windows
#

---------------  T H R E A D  ---------------

Current thread (0x00000000182f0000):  JavaThread "C2 CompilerThread0" daemon [_thread_in_native, id=13308, stack(0x0000000019940000,0x0000000019a40000)]

Stack: [0x0000000019940000,0x0000000019a40000]
[error occurred during error reporting (printing stack bounds), id 0xc0000005]

Native frames: (J=compiled Java code, j=interpreted, Vv=VM code, C=native code)


Current CompileTask:
C2:  17428 3587       4       java.io.WinNTFileSystem::normalize (143 bytes)


---------------  P R O C E S S  ---------------

Java Threads: ( => current thread )
  0x000000001f72c800 JavaThread "build operations Thread 4" [_thread_blocked, id=8860, stack(0x00000000222b0000,0x00000000223b0000)]
  0x000000001f72b800 JavaThread "build operations Thread 3" [_thread_blocked, id=12152, stack(0x00000000221b0000,0x00000000222b0000)]
  0x000000001f730000 JavaThread "build operations Thread 2" [_thread_blocked, id=13424, stack(0x00000000220b0000,0x00000000221b0000)]
  0x000000001f731000 JavaThread "build operations" [_thread_blocked, id=12088, stack(0x0000000021eb0000,0x0000000021fb0000)]
  0x000000001f72b000 JavaThread "Cache worker for Artifact transforms cache (C:\Users\viktoria\.gradle\caches\transforms-1)" [_thread_blocked, id=11932, stack(0x000000001f330000,0x000000001f430000)]
  0x000000001ad6a800 JavaThread "Cache worker for file hash cache (C:\Users\viktoria\Desktop\FalsyQuiz\.gradle\4.1\fileHashes)" [_thread_blocked, id=948, stack(0x000000001de60000,0x000000001df60000)]
  0x000000001b610000 JavaThread "File lock request listener" [_thread_in_native, id=12524, stack(0x000000001cb90000,0x000000001cc90000)]
  0x000000001b5fb000 JavaThread "Cache worker for file hash cache (C:\Users\viktoria\.gradle\caches\4.1\fileHashes)" [_thread_blocked, id=7920, stack(0x000000001ca90000,0x000000001cb90000)]
  0x000000001b883000 JavaThread "Stdin handler" [_thread_blocked, id=2272, stack(0x000000001c990000,0x000000001ca90000)]
  0x000000001b882800 JavaThread "Asynchronous log dispatcher for DefaultDaemonConnection: socket connection from /127.0.0.1:54277 to /127.0.0.1:54278" [_thread_blocked, id=15256, stack(0x000000001c890000,0x000000001c990000)]
  0x000000001afa5800 JavaThread "Daemon worker" [_thread_in_native, id=12264, stack(0x000000001c790000,0x000000001c890000)]
  0x000000001afa4800 JavaThread "Cancel handler" [_thread_blocked, id=8004, stack(0x000000001c690000,0x000000001c790000)]
  0x000000001b230800 JavaThread "Handler for socket connection from /127.0.0.1:54277 to /127.0.0.1:54278" [_thread_in_native, id=15184, stack(0x000000001c390000,0x000000001c490000)]
  0x000000001b23b800 JavaThread "Daemon" [_thread_blocked, id=5520, stack(0x000000001c290000,0x000000001c390000)]
  0x000000001acaf800 JavaThread "Daemon periodic checks" [_thread_blocked, id=7492, stack(0x000000001c190000,0x000000001c290000)]
  0x000000001b782800 JavaThread "Incoming local TCP Connector on port 54277" [_thread_in_native, id=2792, stack(0x000000001bf50000,0x000000001c050000)]
  0x000000001834c800 JavaThread "Service Thread" daemon [_thread_blocked, id=12768, stack(0x000000001a040000,0x000000001a140000)]
  0x00000000182f6800 JavaThread "C1 CompilerThread2" daemon [_thread_in_vm, id=1224, stack(0x0000000019b40000,0x0000000019c40000)]
  0x00000000182f3000 JavaThread "C2 CompilerThread1" daemon [_thread_blocked, id=2448, stack(0x0000000019a40000,0x0000000019b40000)]
=>0x00000000182f0000 JavaThread "C2 CompilerThread0" daemon [_thread_in_native, id=13308, stack(0x0000000019940000,0x0000000019a40000)]
  0x00000000182ee800 JavaThread "Attach Listener" daemon [_thread_blocked, id=276, stack(0x0000000019840000,0x0000000019940000)]
  0x00000000182ed000 JavaThread "Signal Dispatcher" daemon [_thread_blocked, id=2484, stack(0x0000000019740000,0x0000000019840000)]
  0x00000000182d8800 JavaThread "Finalizer" daemon [_thread_blocked, id=5472, stack(0x0000000019540000,0x0000000019640000)]
  0x0000000004971000 JavaThread "Reference Handler" daemon [_thread_blocked, id=14112, stack(0x0000000019440000,0x0000000019540000)]
  0x0000000002b5d800 JavaThread "main" [_thread_blocked, id=6416, stack(0x0000000004770000,0x0000000004870000)]

Other Threads:
  0x00000000182b5800 VMThread [stack: 0x0000000019340000,0x0000000019440000] [id=13620]
  0x000000001834e000 WatcherThread [stack: 0x000000001a140000,0x000000001a240000] [id=12972]

VM state:not at safepoint (normal execution)

VM Mutex/Monitor currently owned by a thread: None

Heap:
 PSYoungGen      total 60416K, used 16624K [0x00000000e0000000, 0x00000000e4280000, 0x0000000100000000)
  eden space 54784K, 28% used [0x00000000e0000000,0x00000000e0f1c0b0,0x00000000e3580000)
  from space 5632K, 20% used [0x00000000e3d00000,0x00000000e3e20000,0x00000000e4280000)
  to   space 6656K, 0% used [0x00000000e3580000,0x00000000e3580000,0x00000000e3c00000)
 ParOldGen       total 33792K, used 11908K [0x00000000a0000000, 0x00000000a2100000, 0x00000000e0000000)
  object space 33792K, 35% used [0x00000000a0000000,0x00000000a0ba12b8,0x00000000a2100000)
 Metaspace       used 30969K, capacity 31594K, committed 31872K, reserved 1077248K
  class space    used 4215K, capacity 4425K, committed 4480K, reserved 1048576K

Card table byte_map: [0x0000000013d40000,0x0000000014050000] byte_map_base: 0x0000000013840000

Marking Bits: (ParMarkBitMap*) 0x00000000728d3950
 Begin Bits: [0x0000000014650000, 0x0000000015e50000)
 End Bits:   [0x0000000015e50000, 0x0000000017650000)

Polling page: 0x0000000002b00000

CodeCache: size=245760Kb used=12720Kb max_used=12724Kb free=233039Kb
 bounds [0x0000000004980000, 0x0000000005600000, 0x0000000013980000]
 total_blobs=3995 nmethods=3330 adapters=577
 compilation: enabled

Compilation events (10 events):
Event: 17.409 Thread 0x00000000182f6800 nmethod 3588 0x00000000055f0090 code [0x00000000055f0200, 0x00000000055f0670]
Event: 17.409 Thread 0x00000000182f6800 3589       3       com.google.common.collect.MapMakerInternalMap::expiresAfterWrite (15 bytes)
Event: 17.409 Thread 0x00000000182f6800 nmethod 3589 0x00000000055efd10 code [0x00000000055efe60, 0x00000000055f0010]
Event: 17.410 Thread 0x00000000182f6800 3590       1       org.codehaus.groovy.runtime.metaclass.NewStaticMetaMethod::getModifiers (3 bytes)
Event: 17.410 Thread 0x00000000182f6800 nmethod 3590 0x0000000004e92450 code [0x0000000004e925a0, 0x0000000004e926b0]
Event: 17.413 Thread 0x00000000182f3000 3591       4       org.codehaus.groovy.reflection.CachedMethod::getReturnType (8 bytes)
Event: 17.413 Thread 0x00000000182f6800 3592       3       org.codehaus.groovy.reflection.CachedField::isStatic (8 bytes)
Event: 17.414 Thread 0x00000000182f6800 nmethod 3592 0x00000000055ef790 code [0x00000000055ef900, 0x00000000055efc10]
Event: 17.414 Thread 0x00000000182f3000 nmethod 3591 0x0000000004ac2390 code [0x0000000004ac24c0, 0x0000000004ac2538]
Event: 17.419 Thread 0x00000000182f3000 3593       4       java.util.concurrent.locks.AbstractQueuedSynchronizer::release (33 bytes)

GC Heap History (10 events):
Event: 8.292 GC heap before
{Heap before GC invocations=9 (full 1):
 PSYoungGen      total 37888K, used 3791K [0x00000000e0000000, 0x00000000e2b00000, 0x0000000100000000)
  eden space 31744K, 0% used [0x00000000e0000000,0x00000000e0000000,0x00000000e1f00000)
  from space 6144K, 61% used [0x00000000e2500000,0x00000000e28b3e38,0x00000000e2b00000)
  to   space 6144K, 0% used [0x00000000e1f00000,0x00000000e1f00000,0x00000000e2500000)
 ParOldGen       total 44032K, used 8222K [0x00000000a0000000, 0x00000000a2b00000, 0x00000000e0000000)
  object space 44032K, 18% used [0x00000000a0000000,0x00000000a08079f8,0x00000000a2b00000)
 Metaspace       used 20664K, capacity 21142K, committed 21248K, reserved 1067008K
  class space    used 2862K, capacity 3042K, committed 3072K, reserved 1048576K
Event: 8.392 GC heap after
Heap after GC invocations=9 (full 1):
 PSYoungGen      total 37888K, used 0K [0x00000000e0000000, 0x00000000e2b00000, 0x0000000100000000)
  eden space 31744K, 0% used [0x00000000e0000000,0x00000000e0000000,0x00000000e1f00000)
  from space 6144K, 0% used [0x00000000e2500000,0x00000000e2500000,0x00000000e2b00000)
  to   space 6144K, 0% used [0x00000000e1f00000,0x00000000e1f00000,0x00000000e2500000)
 ParOldGen       total 33792K, used 7024K [0x00000000a0000000, 0x00000000a2100000, 0x00000000e0000000)
  object space 33792K, 20% used [0x00000000a0000000,0x00000000a06dc088,0x00000000a2100000)
 Metaspace       used 20664K, capacity 21142K, committed 21248K, reserved 1067008K
  class space    used 2862K, capacity 3042K, committed 3072K, reserved 1048576K
}
Event: 10.169 GC heap before
{Heap before GC invocations=10 (full 1):
 PSYoungGen      total 37888K, used 31744K [0x00000000e0000000, 0x00000000e2b00000, 0x0000000100000000)
  eden space 31744K, 100% used [0x00000000e0000000,0x00000000e1f00000,0x00000000e1f00000)
  from space 6144K, 0% used [0x00000000e2500000,0x00000000e2500000,0x00000000e2b00000)
  to   space 6144K, 0% used [0x00000000e1f00000,0x00000000e1f00000,0x00000000e2500000)
 ParOldGen       total 33792K, used 7024K [0x00000000a0000000, 0x00000000a2100000, 0x00000000e0000000)
  object space 33792K, 20% used [0x00000000a0000000,0x00000000a06dc088,0x00000000a2100000)
 Metaspace       used 23438K, capacity 23910K, committed 24192K, reserved 1071104K
  class space    used 3179K, capacity 3340K, committed 3456K, reserved 1048576K
Event: 10.186 GC heap after
Heap after GC invocations=10 (full 1):
 PSYoungGen      total 37888K, used 3809K [0x00000000e0000000, 0x00000000e3580000, 0x0000000100000000)
  eden space 31744K, 0% used [0x00000000e0000000,0x00000000e0000000,0x00000000e1f00000)
  from space 6144K, 62% used [0x00000000e1f00000,0x00000000e22b8610,0x00000000e2500000)
  to   space 6144K, 0% used [0x00000000e2f80000,0x00000000e2f80000,0x00000000e3580000)
 ParOldGen       total 33792K, used 7032K [0x00000000a0000000, 0x00000000a2100000, 0x00000000e0000000)
  object space 33792K, 20% used [0x00000000a0000000,0x00000000a06de088,0x00000000a2100000)
 Metaspace       used 23438K, capacity 23910K, committed 24192K, reserved 1071104K
  class space    used 3179K, capacity 3340K, committed 3456K, reserved 1048576K
}
Event: 12.225 GC heap before
{Heap before GC invocations=11 (full 1):
 PSYoungGen      total 37888K, used 35553K [0x00000000e0000000, 0x00000000e3580000, 0x0000000100000000)
  eden space 31744K, 100% used [0x00000000e0000000,0x00000000e1f00000,0x00000000e1f00000)
  from space 6144K, 62% used [0x00000000e1f00000,0x00000000e22b8610,0x00000000e2500000)
  to   space 6144K, 0% used [0x00000000e2f80000,0x00000000e2f80000,0x00000000e3580000)
 ParOldGen       total 33792K, used 7032K [0x00000000a0000000, 0x00000000a2100000, 0x00000000e0000000)
  object space 33792K, 20% used [0x00000000a0000000,0x00000000a06de088,0x00000000a2100000)
 Metaspace       used 25732K, capacity 26286K, committed 26496K, reserved 1073152K
  class space    used 3504K, capacity 3702K, committed 3712K, reserved 1048576K
Event: 12.251 GC heap after
Heap after GC invocations=11 (full 1):
 PSYoungGen      total 48640K, used 5306K [0x00000000e0000000, 0x00000000e3580000, 0x0000000100000000)
  eden space 42496K, 0% used [0x00000000e0000000,0x00000000e0000000,0x00000000e2980000)
  from space 6144K, 86% used [0x00000000e2f80000,0x00000000e34ae850,0x00000000e3580000)
  to   space 6144K, 0% used [0x00000000e2980000,0x00000000e2980000,0x00000000e2f80000)
 ParOldGen       total 33792K, used 7040K [0x00000000a0000000, 0x00000000a2100000, 0x00000000e0000000)
  object space 33792K, 20% used [0x00000000a0000000,0x00000000a06e0088,0x00000000a2100000)
 Metaspace       used 25732K, capacity 26286K, committed 26496K, reserved 1073152K
  class space    used 3504K, capacity 3702K, committed 3712K, reserved 1048576K
}
Event: 14.777 GC heap before
{Heap before GC invocations=12 (full 1):
 PSYoungGen      total 48640K, used 47802K [0x00000000e0000000, 0x00000000e3580000, 0x0000000100000000)
  eden space 42496K, 100% used [0x00000000e0000000,0x00000000e2980000,0x00000000e2980000)
  from space 6144K, 86% used [0x00000000e2f80000,0x00000000e34ae850,0x00000000e3580000)
  to   space 6144K, 0% used [0x00000000e2980000,0x00000000e2980000,0x00000000e2f80000)
 ParOldGen       total 33792K, used 7040K [0x00000000a0000000, 0x00000000a2100000, 0x00000000e0000000)
  object space 33792K, 20% used [0x00000000a0000000,0x00000000a06e0088,0x00000000a2100000)
 Metaspace       used 29921K, capacity 30520K, committed 30720K, reserved 1075200K
  class space    used 4123K, capacity 4323K, committed 4352K, reserved 1048576K
Event: 14.812 GC heap after
Heap after GC invocations=12 (full 1):
 PSYoungGen      total 48640K, used 4022K [0x00000000e0000000, 0x00000000e4300000, 0x0000000100000000)
  eden space 42496K, 0% used [0x00000000e0000000,0x00000000e0000000,0x00000000e2980000)
  from space 6144K, 65% used [0x00000000e2980000,0x00000000e2d6da68,0x00000000e2f80000)
  to   space 6144K, 0% used [0x00000000e3d00000,0x00000000e3d00000,0x00000000e4300000)
 ParOldGen       total 33792K, used 10752K [0x00000000a0000000, 0x00000000a2100000, 0x00000000e0000000)
  object space 33792K, 31% used [0x00000000a0000000,0x00000000a0a803e8,0x00000000a2100000)
 Metaspace       used 29921K, capacity 30520K, committed 30720K, reserved 1075200K
  class space    used 4123K, capacity 4323K, committed 4352K, reserved 1048576K
}
Event: 16.734 GC heap before
{Heap before GC invocations=13 (full 1):
 PSYoungGen      total 48640K, used 46518K [0x00000000e0000000, 0x00000000e4300000, 0x0000000100000000)
  eden space 42496K, 100% used [0x00000000e0000000,0x00000000e2980000,0x00000000e2980000)
  from space 6144K, 65% used [0x00000000e2980000,0x00000000e2d6da68,0x00000000e2f80000)
  to   space 6144K, 0% used [0x00000000e3d00000,0x00000000e3d00000,0x00000000e4300000)
 ParOldGen       total 33792K, used 10752K [0x00000000a0000000, 0x00000000a2100000, 0x00000000e0000000)
  object space 33792K, 31% used [0x00000000a0000000,0x00000000a0a803e8,0x00000000a2100000)
 Metaspace       used 30398K, capacity 31000K, committed 31360K, reserved 1077248K
  class space    used 4136K, capacity 4355K, committed 4480K, reserved 1048576K
Event: 16.741 GC heap after
Heap after GC invocations=13 (full 1):
 PSYoungGen      total 60416K, used 1152K [0x00000000e0000000, 0x00000000e4280000, 0x0000000100000000)
  eden space 54784K, 0% used [0x00000000e0000000,0x00000000e0000000,0x00000000e3580000)
  from space 5632K, 20% used [0x00000000e3d00000,0x00000000e3e20000,0x00000000e4280000)
  to   space 6656K, 0% used [0x00000000e3580000,0x00000000e3580000,0x00000000e3c00000)
 ParOldGen       total 33792K, used 11908K [0x00000000a0000000, 0x00000000a2100000, 0x00000000e0000000)
  object space 33792K, 35% used [0x00000000a0000000,0x00000000a0ba12b8,0x00000000a2100000)
 Metaspace       used 30398K, capacity 31000K, committed 31360K, reserved 1077248K
  class space    used 4136K, capacity 4355K, committed 4480K, reserved 1048576K
}

Deoptimization events (10 events):
Event: 15.174 Thread 0x000000001afa5800 Uncommon trap: reason=unstable_if action=reinterpret pc=0x0000000004b4c468 method=com.sun.org.apache.xerces.internal.dom.ParentNode.nodeListGetLength()I @ 11
Event: 15.563 Thread 0x000000001afa5800 Uncommon trap: reason=unstable_if action=reinterpret pc=0x0000000005441304 method=com.sun.org.apache.xerces.internal.impl.XMLEntityScanner.scanData(Ljava/lang/String;Lcom/sun/org/apache/xerces/internal/util/XMLStringBuffer;)Z @ 60
Event: 15.605 Thread 0x000000001afa5800 Uncommon trap: reason=unstable_if action=reinterpret pc=0x0000000004aa83d8 method=com.sun.org.apache.xerces.internal.impl.XMLEntityScanner.skipSpaces()Z @ 85
Event: 15.605 Thread 0x000000001afa5800 Uncommon trap: reason=unstable_if action=reinterpret pc=0x000000000541ee64 method=com.sun.org.apache.xerces.internal.impl.XMLEntityScanner.peekChar()I @ 51
Event: 15.605 Thread 0x000000001afa5800 Uncommon trap: reason=unstable_if action=reinterpret pc=0x0000000004cb8c4c method=com.sun.org.apache.xerces.internal.impl.XMLEntityScanner.scanContent(Lcom/sun/org/apache/xerces/internal/xni/XMLString;)I @ 127
Event: 15.605 Thread 0x000000001afa5800 Uncommon trap: reason=unstable_if action=reinterpret pc=0x00000000053a326c method=com.sun.org.apache.xerces.internal.impl.XMLEntityScanner.peekChar()I @ 51
Event: 16.334 Thread 0x000000001afa5800 Uncommon trap: reason=unstable_if action=reinterpret pc=0x00000000054b0474 method=com.sun.org.apache.xerces.internal.impl.XMLDocumentFragmentScannerImpl$FragmentContentDriver.next()I @ 823
Event: 16.346 Thread 0x000000001afa5800 Uncommon trap: reason=unstable_if action=reinterpret pc=0x00000000053b467c method=com.sun.org.apache.xerces.internal.impl.io.UTF8Reader.read([CII)I @ 131
Event: 16.356 Thread 0x000000001afa5800 Uncommon trap: reason=unstable_if action=reinterpret pc=0x00000000053ea560 method=com.sun.org.apache.xerces.internal.impl.XMLEntityScanner.scanName(Lcom/sun/org/apache/xerces/internal/impl/XMLScanner$NameType;)Ljava/lang/String; @ 69
Event: 16.899 Thread 0x000000001f72b800 Uncommon trap: reason=unstable_if action=reinterpret pc=0x0000000005112de0 method=java.util.concurrent.ConcurrentHashMap.putVal(Ljava/lang/Object;Ljava/lang/Object;Z)Ljava/lang/Object; @ 98

Classes redefined (0 events):
No events

Internal exceptions (10 events):
Event: 12.443 Thread 0x000000001afa5800 Exception <a 'java/lang/ClassNotFoundException': build_1o2s6kd7gj164ng1rjitbyn6dBeanInfo> (0x00000000e02b3a08) thrown at [D:\src\AOSP-openjdk-cygwin\jdk8u\hotspot\src\share\vm\classfile\systemDictionary.cpp, line 210]
Event: 12.444 Thread 0x000000001afa5800 Exception <a 'java/lang/ClassNotFoundException': org/gradle/api/internal/project/ProjectScriptBeanInfo> (0x00000000e02c5518) thrown at [D:\src\AOSP-openjdk-cygwin\jdk8u\hotspot\src\share\vm\classfile\systemDictionary.cpp, line 210]
Event: 12.444 Thread 0x000000001afa5800 Exception <a 'java/lang/ClassNotFoundException': org/gradle/api/internal/project/ProjectScriptCustomizer> (0x00000000e02d7630) thrown at [D:\src\AOSP-openjdk-cygwin\jdk8u\hotspot\src\share\vm\classfile\systemDictionary.cpp, line 210]
Event: 12.446 Thread 0x000000001afa5800 Exception <a 'java/lang/ClassNotFoundException': build_1o2s6kd7gj164ng1rjitbyn6dCustomizer> (0x00000000e02f5aa8) thrown at [D:\src\AOSP-openjdk-cygwin\jdk8u\hotspot\src\share\vm\classfile\systemDictionary.cpp, line 210]
Event: 13.762 Thread 0x000000001afa5800 Exception <a 'java/lang/ClassNotFoundException': org/gradle/api/internal/artifacts/dsl/dependencies/DefaultDependencyHandler_DecoratedBeanInfo> (0x00000000e12a3690) thrown at [D:\src\AOSP-openjdk-cygwin\jdk8u\hotspot\src\share\vm\classfile\systemDictionar
Event: 13.763 Thread 0x000000001afa5800 Exception <a 'java/lang/ClassNotFoundException': org/gradle/api/internal/artifacts/dsl/dependencies/DefaultDependencyHandlerBeanInfo> (0x00000000e12e5fa0) thrown at [D:\src\AOSP-openjdk-cygwin\jdk8u\hotspot\src\share\vm\classfile\systemDictionary.cpp, lin
Event: 13.764 Thread 0x000000001afa5800 Exception <a 'java/lang/ClassNotFoundException': org/gradle/api/internal/artifacts/dsl/dependencies/DefaultDependencyHandlerCustomizer> (0x00000000e13294c0) thrown at [D:\src\AOSP-openjdk-cygwin\jdk8u\hotspot\src\share\vm\classfile\systemDictionary.cpp, l
Event: 13.765 Thread 0x000000001afa5800 Exception <a 'java/lang/ClassNotFoundException': org/gradle/api/internal/artifacts/dsl/dependencies/DefaultDependencyHandler_DecoratedCustomizer> (0x00000000e138fa10) thrown at [D:\src\AOSP-openjdk-cygwin\jdk8u\hotspot\src\share\vm\classfile\systemDiction
Event: 17.412 Thread 0x000000001afa5800 Exception <a 'java/lang/ClassNotFoundException': build_1o2s6kd7gj164ng1rjitbyn6dBeanInfo> (0x00000000e0e73898) thrown at [D:\src\AOSP-openjdk-cygwin\jdk8u\hotspot\src\share\vm\classfile\systemDictionary.cpp, line 210]
Event: 17.412 Thread 0x000000001afa5800 Exception <a 'java/lang/ClassNotFoundException': build_1o2s6kd7gj164ng1rjitbyn6dCustomizer> (0x00000000e0e7d2a8) thrown at [D:\src\AOSP-openjdk-cygwin\jdk8u\hotspot\src\share\vm\classfile\systemDictionary.cpp, line 210]

Events (10 events):
Event: 17.412 loading class build_1o2s6kd7gj164ng1rjitbyn6dCustomizer
Event: 17.412 loading class build_1o2s6kd7gj164ng1rjitbyn6dCustomizer done
Event: 17.415 loading class groovy/runtime/metaclass/build_1o2s6kd7gj164ng1rjitbyn6d$_run_closure1MetaClass
Event: 17.415 loading class groovy/runtime/metaclass/build_1o2s6kd7gj164ng1rjitbyn6d$_run_closure1MetaClass done
Event: 17.416 loading class org/gradle/api/internal/project/BuildOperationCrossProjectConfigurator$1
Event: 17.416 loading class org/gradle/api/internal/project/BuildOperationCrossProjectConfigurator$1 done
Event: 17.418 loading class org/gradle/api/internal/project/BuildOperationCrossProjectConfigurator$3
Event: 17.418 loading class org/gradle/api/internal/project/BuildOperationCrossProjectConfigurator$3 done
Event: 17.421 loading class groovy/runtime/metaclass/build_1o2s6kd7gj164ng1rjitbyn6d$_run_closure1$_closure3MetaClass
Event: 17.421 loading class groovy/runtime/metaclass/build_1o2s6kd7gj164ng1rjitbyn6d$_run_closure1$_closure3MetaClass done


Dynamic libraries:
0x00007ff657320000 - 0x00007ff657351000 	C:\Program Files\Android\Android Studio\jre\bin\java.exe
0x00007ffde1410000 - 0x00007ffde15f0000 	C:\WINDOWS\SYSTEM32\ntdll.dll
0x00007ffddf3f0000 - 0x00007ffddf49e000 	C:\WINDOWS\System32\KERNEL32.DLL
0x00007ffddda20000 - 0x00007ffdddc86000 	C:\WINDOWS\System32\KERNELBASE.dll
0x00007ffddefe0000 - 0x00007ffddf081000 	C:\WINDOWS\System32\ADVAPI32.dll
0x00007ffde0b30000 - 0x00007ffde0bcd000 	C:\WINDOWS\System32\msvcrt.dll
0x00007ffddef50000 - 0x00007ffddefab000 	C:\WINDOWS\System32\sechost.dll
0x00007ffddf150000 - 0x00007ffddf26f000 	C:\WINDOWS\System32\RPCRT4.dll
0x00007ffde10a0000 - 0x00007ffde122f000 	C:\WINDOWS\System32\USER32.dll
0x00007ffddd810000 - 0x00007ffddd830000 	C:\WINDOWS\System32\win32u.dll
0x00007ffddf090000 - 0x00007ffddf0b8000 	C:\WINDOWS\System32\GDI32.dll
0x00007ffddd830000 - 0x00007ffddd9c3000 	C:\WINDOWS\System32\gdi32full.dll
0x00007ffdde5c0000 - 0x00007ffdde65b000 	C:\WINDOWS\System32\msvcp_win.dll
0x00007ffdde4c0000 - 0x00007ffdde5b6000 	C:\WINDOWS\System32\ucrtbase.dll
0x00007ffdcf840000 - 0x00007ffdcfaa9000 	C:\WINDOWS\WinSxS\amd64_microsoft.windows.common-controls_6595b64144ccf1df_6.0.16299.371_none_15c7d1789365a290\COMCTL32.dll
0x00007ffde0d90000 - 0x00007ffde1098000 	C:\WINDOWS\System32\combase.dll
0x00007ffdde440000 - 0x00007ffdde4b2000 	C:\WINDOWS\System32\bcryptPrimitives.dll
0x00007ffddf120000 - 0x00007ffddf14d000 	C:\WINDOWS\System32\IMM32.DLL
0x0000000072e50000 - 0x0000000072f22000 	C:\Program Files\Android\Android Studio\jre\jre\bin\msvcr100.dll
0x0000000072110000 - 0x000000007294e000 	C:\Program Files\Android\Android Studio\jre\jre\bin\server\jvm.dll
0x00007ffddefd0000 - 0x00007ffddefd8000 	C:\WINDOWS\System32\PSAPI.DLL
0x00007ffdda0a0000 - 0x00007ffdda0c3000 	C:\WINDOWS\SYSTEM32\WINMM.dll
0x00007ffdd8e70000 - 0x00007ffdd8e7a000 	C:\WINDOWS\SYSTEM32\VERSION.dll
0x00007ffdc46f0000 - 0x00007ffdc46f9000 	C:\WINDOWS\SYSTEM32\WSOCK32.dll
0x00007ffdde960000 - 0x00007ffdde9cc000 	C:\WINDOWS\System32\WS2_32.dll
0x00007ffdd9fc0000 - 0x00007ffdd9fea000 	C:\WINDOWS\SYSTEM32\winmmbase.dll
0x00007ffddd9d0000 - 0x00007ffddda1a000 	C:\WINDOWS\System32\cfgmgr32.dll
0x00007ffdda8b0000 - 0x00007ffdda8bf000 	C:\Program Files\Android\Android Studio\jre\jre\bin\verify.dll
0x00007ffdd3010000 - 0x00007ffdd3039000 	C:\Program Files\Android\Android Studio\jre\jre\bin\java.dll
0x00007ffdda800000 - 0x00007ffdda816000 	C:\Program Files\Android\Android Studio\jre\jre\bin\zip.dll
0x00007ffddf650000 - 0x00007ffde0a86000 	C:\WINDOWS\System32\SHELL32.dll
0x00007ffde0ce0000 - 0x00007ffde0d86000 	C:\WINDOWS\System32\shcore.dll
0x00007ffdddcf0000 - 0x00007ffdde437000 	C:\WINDOWS\System32\windows.storage.dll
0x00007ffdde9d0000 - 0x00007ffddea21000 	C:\WINDOWS\System32\shlwapi.dll
0x00007ffddd7d0000 - 0x00007ffddd7e1000 	C:\WINDOWS\System32\kernel.appcore.dll
0x00007ffddd780000 - 0x00007ffddd7cc000 	C:\WINDOWS\System32\powrprof.dll
0x00007ffddd7f0000 - 0x00007ffddd80b000 	C:\WINDOWS\System32\profapi.dll
0x00007ffdda200000 - 0x00007ffdda21a000 	C:\Program Files\Android\Android Studio\jre\jre\bin\net.dll
0x00007ffddcff0000 - 0x00007ffddd056000 	C:\WINDOWS\system32\mswsock.dll
0x00007ffdd2700000 - 0x00007ffdd2711000 	C:\Program Files\Android\Android Studio\jre\jre\bin\nio.dll
0x00007ffdd03f0000 - 0x00007ffdd040e000 	C:\Users\viktoria\.gradle\native\25\windows-amd64\native-platform.dll
0x00007ffdda8a0000 - 0x00007ffdda8ad000 	C:\Program Files\Android\Android Studio\jre\jre\bin\management.dll
0x00007ffddd1b0000 - 0x00007ffddd1c7000 	C:\WINDOWS\SYSTEM32\CRYPTSP.dll
0x00007ffddcbf0000 - 0x00007ffddcc23000 	C:\WINDOWS\system32\rsaenh.dll
0x00007ffddd2c0000 - 0x00007ffddd2e5000 	C:\WINDOWS\SYSTEM32\bcrypt.dll
0x00007ffddd690000 - 0x00007ffddd6b9000 	C:\WINDOWS\SYSTEM32\USERENV.dll
0x00007ffddd1d0000 - 0x00007ffddd1db000 	C:\WINDOWS\SYSTEM32\CRYPTBASE.dll
0x00007ffddcd80000 - 0x00007ffddcdb9000 	C:\WINDOWS\SYSTEM32\IPHLPAPI.DLL
0x00007ffde1230000 - 0x00007ffde1238000 	C:\WINDOWS\System32\NSI.dll
0x00007ffdd0320000 - 0x00007ffdd0336000 	C:\WINDOWS\SYSTEM32\dhcpcsvc6.DLL
0x00007ffdd0300000 - 0x00007ffdd031a000 	C:\WINDOWS\SYSTEM32\dhcpcsvc.DLL

VM Arguments:
jvm_args: -Xmx1536m -Dfile.encoding=windows-1250 -Duser.country=HU -Duser.language=hu -Duser.variant 
java_command: org.gradle.launcher.daemon.bootstrap.GradleDaemon 4.1
java_class_path (initial): C:\Users\viktoria\.gradle\wrapper\dists\gradle-4.1-all\bzyivzo6n839fup2jbap0tjew\gradle-4.1\lib\gradle-launcher-4.1.jar
Launcher Type: SUN_STANDARD

Environment Variables:
PATH=C:\ProgramData\Oracle\Java\javapath;C:\Program Files\Java\jdk1.8.0_112\bin;C:\Program Files\Java\jre1.8.0_112\bin;%JAVA_HOME%/bin;C:\Program Files\Microsoft SQL Server\130\Tools\Binn\;C:\Program Files (x86)\Windows Kits\8.1\Windows Performance Toolkit\;C:\Windows\System32;C:\Program Files\Git\cmd;C:\Program Files\PuTTY\;C:\Program Files\nodejs\;C:\WINDOWS\system32;C:\WINDOWS;C:\WINDOWS\System32\Wbem;C:\WINDOWS\System32\WindowsPowerShell\v1.0\;C:\Users\viktoria\AppData\Local\Microsoft\WindowsApps;
USERNAME=viktoria
OS=Windows_NT
PROCESSOR_IDENTIFIER=Intel64 Family 6 Model 61 Stepping 4, GenuineIntel



---------------  S Y S T E M  ---------------

OS: Windows 10.0 , 64 bit Build 16299 (10.0.16299.15)

CPU:total 4 (initial active 4) (2 cores per cpu, 2 threads per core) family 6 model 61 stepping 4, cmov, cx8, fxsr, mmx, sse, sse2, sse3, ssse3, sse4.1, sse4.2, popcnt, avx, avx2, aes, clmul, erms, 3dnowpref, lzcnt, ht, tsc, tscinvbit, bmi1, bmi2, adx

Memory: 4k page, physical 4103672k(207524k free), swap 7452884k(2248k free)

vm_info: OpenJDK 64-Bit Server VM (25.152-b01) for windows-amd64 JRE (1.8.0_152-release-915-b01), built by "builder" with MS VC++ 10.0 (VS2010)

time: Tue Apr 17 10:45:27 2018
elapsed time: 17 seconds (0d 0h 0m 17s)

