#
# There is insufficient memory for the Java Runtime Environment to continue.
# Native memory allocation (malloc) failed to allocate 32744 bytes for ChunkPool::allocate
# Possible reasons:
#   The system is out of physical RAM or swap space
#   In 32 bit mode, the process size limit was hit
# Possible solutions:
#   Reduce memory load on the system
#   Increase physical memory or swap space
#   Check if swap backing store is full
#   Use 64 bit Java on a 64 bit OS
#   Decrease Java heap size (-Xmx/-Xms)
#   Decrease number of Java threads
#   Decrease Java thread stack sizes (-Xss)
#   Set larger code cache with -XX:ReservedCodeCacheSize=
# This output file may be truncated or incomplete.
#
#  Out of Memory Error (allocation.cpp:273), pid=10720, tid=0x00000000000037cc
#
# JRE version: OpenJDK Runtime Environment (8.0_152-b01) (build 1.8.0_152-release-915-b01)
# Java VM: OpenJDK 64-Bit Server VM (25.152-b01 mixed mode windows-amd64 compressed oops)
# Failed to write core dump. Minidumps are not enabled by default on client versions of Windows
#

---------------  T H R E A D  ---------------

Current thread (0x0000000018390000):  JavaThread "C2 CompilerThread0" daemon [_thread_in_native, id=14284, stack(0x0000000019a00000,0x0000000019b00000)]

Stack: [0x0000000019a00000,0x0000000019b00000]
[error occurred during error reporting (printing stack bounds), id 0xc0000005]

Native frames: (J=compiled Java code, j=interpreted, Vv=VM code, C=native code)


Current CompileTask:
C2:2111253 11568       4       sun.security.util.AbstractAlgorithmConstraints::checkAlgorithm (138 bytes)


---------------  P R O C E S S  ---------------

Java Threads: ( => current thread )
  0x000000001ee89800 JavaThread "Task worker for ':' Thread 3" [_thread_blocked, id=6088, stack(0x0000000027520000,0x0000000027620000)]
  0x000000001ee89000 JavaThread "Task worker for ':' Thread 2" [_thread_blocked, id=5356, stack(0x0000000027420000,0x0000000027520000)]
  0x000000001ee8c000 JavaThread "Task worker for ':'" [_thread_blocked, id=6272, stack(0x0000000027320000,0x0000000027420000)]
  0x000000001ee8a800 JavaThread "Cache worker for task history cache (C:\Users\viktoria\Desktop\FalsyQuiz\.gradle\4.1\taskHistory)" [_thread_blocked, id=9032, stack(0x0000000027220000,0x0000000027320000)]
  0x000000001ee8b000 JavaThread "Cache worker for file content cache (C:\Users\viktoria\Desktop\FalsyQuiz\.gradle\4.1\fileContent)" [_thread_blocked, id=14368, stack(0x0000000027120000,0x0000000027220000)]
  0x000000001ee88000 JavaThread "build operations Thread 4" [_thread_in_native, id=7928, stack(0x0000000027020000,0x0000000027120000)]
  0x000000001ee87800 JavaThread "build operations Thread 3" [_thread_in_native, id=11372, stack(0x0000000026f20000,0x0000000027020000)]
  0x000000001ee8e000 JavaThread "build operations Thread 2" [_thread_in_native, id=11012, stack(0x0000000026e20000,0x0000000026f20000)]
  0x000000001ee8c800 JavaThread "build operations" [_thread_in_native, id=13616, stack(0x0000000026d20000,0x0000000026e20000)]
  0x000000001ee8d800 JavaThread "Cache worker for Artifact transforms cache (C:\Users\viktoria\.gradle\caches\transforms-1)" [_thread_blocked, id=9348, stack(0x0000000026c20000,0x0000000026d20000)]
  0x000000001ee80000 JavaThread "Cache worker for file hash cache (C:\Users\viktoria\Desktop\FalsyQuiz\.gradle\4.1\fileHashes)" [_thread_blocked, id=4820, stack(0x0000000026b20000,0x0000000026c20000)]
  0x000000001ee7f000 JavaThread "Stdin handler" [_thread_blocked, id=8468, stack(0x0000000026a20000,0x0000000026b20000)]
  0x000000001ee85000 JavaThread "Asynchronous log dispatcher for DefaultDaemonConnection: socket connection from /127.0.0.1:51183 to /127.0.0.1:55110" [_thread_blocked, id=3552, stack(0x0000000026920000,0x0000000026a20000)]
  0x000000001ee82000 JavaThread "Daemon worker Thread 2" [_thread_blocked, id=1976, stack(0x0000000026820000,0x0000000026920000)]
  0x000000001ee83000 JavaThread "Cancel handler" [_thread_blocked, id=1640, stack(0x0000000026720000,0x0000000026820000)]
  0x000000001de17000 JavaThread "Handler for socket connection from /127.0.0.1:51183 to /127.0.0.1:55110" [_thread_in_native, id=12444, stack(0x0000000026620000,0x0000000026720000)]
  0x000000001de14800 JavaThread "Daemon Thread 2" [_thread_blocked, id=3148, stack(0x0000000026520000,0x0000000026620000)]
  0x000000001ee81800 JavaThread "Memory manager" [_thread_blocked, id=12568, stack(0x0000000023010000,0x0000000023110000)]
  0x000000001ee83800 JavaThread "pool-1-thread-1" [_thread_blocked, id=4596, stack(0x0000000022d10000,0x0000000022e10000)]
  0x000000001acf2000 JavaThread "File lock request listener" [_thread_in_native, id=7608, stack(0x000000001dec0000,0x000000001dfc0000)]
  0x000000001afb0800 JavaThread "Cache worker for file hash cache (C:\Users\viktoria\.gradle\caches\4.1\fileHashes)" [_thread_blocked, id=6244, stack(0x000000001cdf0000,0x000000001cef0000)]
  0x000000001ac6c800 JavaThread "Daemon periodic checks" [_thread_blocked, id=10440, stack(0x000000001c4f0000,0x000000001c5f0000)]
  0x000000001b7a0800 JavaThread "Incoming local TCP Connector on port 51183" [_thread_in_native, id=13928, stack(0x000000001c010000,0x000000001c110000)]
  0x0000000019c06800 JavaThread "Service Thread" daemon [_thread_blocked, id=12152, stack(0x000000001a100000,0x000000001a200000)]
  0x0000000019c00800 JavaThread "C1 CompilerThread2" daemon [_thread_in_vm, id=5072, stack(0x000000001a000000,0x000000001a100000)]
  0x00000000183ed000 JavaThread "C2 CompilerThread1" daemon [_thread_in_native, id=3128, stack(0x0000000019b00000,0x0000000019c00000)]
=>0x0000000018390000 JavaThread "C2 CompilerThread0" daemon [_thread_in_native, id=14284, stack(0x0000000019a00000,0x0000000019b00000)]
  0x000000001838f000 JavaThread "Attach Listener" daemon [_thread_blocked, id=2700, stack(0x0000000019900000,0x0000000019a00000)]
  0x000000001839a800 JavaThread "Signal Dispatcher" daemon [_thread_blocked, id=7724, stack(0x0000000019800000,0x0000000019900000)]
  0x0000000018378800 JavaThread "Finalizer" daemon [_thread_blocked, id=9968, stack(0x0000000019600000,0x0000000019700000)]
  0x0000000004a11000 JavaThread "Reference Handler" daemon [_thread_blocked, id=10576, stack(0x0000000019500000,0x0000000019600000)]
  0x000000000491e000 JavaThread "main" [_thread_blocked, id=11936, stack(0x0000000004750000,0x0000000004850000)]

Other Threads:
  0x0000000018355800 VMThread [stack: 0x0000000019400000,0x0000000019500000] [id=10812]
  0x0000000019c07800 WatcherThread [stack: 0x000000001a200000,0x000000001a300000] [id=7824]

VM state:not at safepoint (normal execution)

VM Mutex/Monitor currently owned by a thread: None

Heap:
 PSYoungGen      total 188928K, used 56481K [0x00000000e0000000, 0x00000000eef80000, 0x0000000100000000)
  eden space 162304K, 18% used [0x00000000e0000000,0x00000000e1d707c8,0x00000000e9e80000)
  from space 26624K, 98% used [0x00000000e9e80000,0x00000000eb837c80,0x00000000eb880000)
  to   space 30720K, 0% used [0x00000000ed180000,0x00000000ed180000,0x00000000eef80000)
 ParOldGen       total 99840K, used 38778K [0x00000000a0000000, 0x00000000a6180000, 0x00000000e0000000)
  object space 99840K, 38% used [0x00000000a0000000,0x00000000a25de808,0x00000000a6180000)
 Metaspace       used 70460K, capacity 73772K, committed 74072K, reserved 1114112K
  class space    used 9242K, capacity 10056K, committed 10112K, reserved 1048576K

Card table byte_map: [0x0000000013de0000,0x00000000140f0000] byte_map_base: 0x00000000138e0000

Marking Bits: (ParMarkBitMap*) 0x0000000064823950
 Begin Bits: [0x00000000146f0000, 0x0000000015ef0000)
 End Bits:   [0x0000000015ef0000, 0x00000000176f0000)

Polling page: 0x0000000002b10000

CodeCache: size=245760Kb used=31873Kb max_used=31940Kb free=213886Kb
 bounds [0x0000000004a20000, 0x0000000006990000, 0x0000000013a20000]
 total_blobs=10324 nmethods=9495 adapters=741
 compilation: enabled

Compilation events (10 events):
Event: 2110.691 Thread 0x00000000183ed000 nmethod 11565 0x0000000006592290 code [0x00000000065923c0, 0x0000000006592458]
Event: 2110.691 Thread 0x0000000019c00800 11566       3       org.gradle.util.CollectionUtils::collect (44 bytes)
Event: 2110.691 Thread 0x0000000019c00800 nmethod 11566 0x000000000692cd10 code [0x000000000692cec0, 0x000000000692d468]
Event: 2110.693 Thread 0x0000000019c00800 11567       1       org.apache.http.client.methods.HttpGet::getMethod (3 bytes)
Event: 2110.693 Thread 0x0000000019c00800 nmethod 11567 0x000000000692ca50 code [0x000000000692cba0, 0x000000000692ccb0]
Event: 2110.737 Thread 0x0000000018390000 11568       4       sun.security.util.AbstractAlgorithmConstraints::checkAlgorithm (138 bytes)
Event: 2110.737 Thread 0x0000000019c00800 11569       3       sun.security.ssl.SSLAlgorithmDecomposer::decomposes (175 bytes)
Event: 2110.739 Thread 0x0000000019c00800 nmethod 11569 0x0000000006879b90 code [0x0000000006879ee0, 0x000000000687be98]
Event: 2110.740 Thread 0x0000000019c00800 11570       3       sun.security.ssl.SSLAlgorithmDecomposer::decomposes (247 bytes)
Event: 2110.743 Thread 0x0000000019c00800 nmethod 11570 0x0000000005b75990 code [0x0000000005b75d20, 0x0000000005b77ff8]

GC Heap History (10 events):
Event: 18.994 GC heap before
{Heap before GC invocations=14 (full 2):
 PSYoungGen      total 136704K, used 127203K [0x00000000e0000000, 0x00000000ead00000, 0x0000000100000000)
  eden space 124416K, 92% used [0x00000000e0000000,0x00000000e703fd60,0x00000000e7980000)
  from space 12288K, 99% used [0x00000000e7980000,0x00000000e8579030,0x00000000e8580000)
  to   space 15872K, 0% used [0x00000000e9d80000,0x00000000e9d80000,0x00000000ead00000)
 ParOldGen       total 58368K, used 20488K [0x00000000a0000000, 0x00000000a3900000, 0x00000000e0000000)
  object space 58368K, 35% used [0x00000000a0000000,0x00000000a1402388,0x00000000a3900000)
 Metaspace       used 57097K, capacity 58890K, committed 59028K, reserved 1099776K
  class space    used 7712K, capacity 8192K, committed 8192K, reserved 1048576K
Event: 19.062 GC heap after
Heap after GC invocations=14 (full 2):
 PSYoungGen      total 155136K, used 15852K [0x00000000e0000000, 0x00000000ec580000, 0x0000000100000000)
  eden space 139264K, 0% used [0x00000000e0000000,0x00000000e0000000,0x00000000e8800000)
  from space 15872K, 99% used [0x00000000e9d80000,0x00000000eacfb308,0x00000000ead00000)
  to   space 22016K, 0% used [0x00000000e8800000,0x00000000e8800000,0x00000000e9d80000)
 ParOldGen       total 58368K, used 30680K [0x00000000a0000000, 0x00000000a3900000, 0x00000000e0000000)
  object space 58368K, 52% used [0x00000000a0000000,0x00000000a1df6330,0x00000000a3900000)
 Metaspace       used 57097K, capacity 58890K, committed 59028K, reserved 1099776K
  class space    used 7712K, capacity 8192K, committed 8192K, reserved 1048576K
}
Event: 19.062 GC heap before
{Heap before GC invocations=15 (full 3):
 PSYoungGen      total 155136K, used 15852K [0x00000000e0000000, 0x00000000ec580000, 0x0000000100000000)
  eden space 139264K, 0% used [0x00000000e0000000,0x00000000e0000000,0x00000000e8800000)
  from space 15872K, 99% used [0x00000000e9d80000,0x00000000eacfb308,0x00000000ead00000)
  to   space 22016K, 0% used [0x00000000e8800000,0x00000000e8800000,0x00000000e9d80000)
 ParOldGen       total 58368K, used 30680K [0x00000000a0000000, 0x00000000a3900000, 0x00000000e0000000)
  object space 58368K, 52% used [0x00000000a0000000,0x00000000a1df6330,0x00000000a3900000)
 Metaspace       used 57097K, capacity 58890K, committed 59028K, reserved 1099776K
  class space    used 7712K, capacity 8192K, committed 8192K, reserved 1048576K
Event: 19.459 GC heap after
Heap after GC invocations=15 (full 3):
 PSYoungGen      total 155136K, used 0K [0x00000000e0000000, 0x00000000ec580000, 0x0000000100000000)
  eden space 139264K, 0% used [0x00000000e0000000,0x00000000e0000000,0x00000000e8800000)
  from space 15872K, 0% used [0x00000000e9d80000,0x00000000e9d80000,0x00000000ead00000)
  to   space 22016K, 0% used [0x00000000e8800000,0x00000000e8800000,0x00000000e9d80000)
 ParOldGen       total 99840K, used 38754K [0x00000000a0000000, 0x00000000a6180000, 0x00000000e0000000)
  object space 99840K, 38% used [0x00000000a0000000,0x00000000a25d8808,0x00000000a6180000)
 Metaspace       used 57097K, capacity 58890K, committed 59028K, reserved 1099776K
  class space    used 7712K, capacity 8192K, committed 8192K, reserved 1048576K
}
Event: 23.160 GC heap before
{Heap before GC invocations=16 (full 3):
 PSYoungGen      total 155136K, used 139264K [0x00000000e0000000, 0x00000000ec580000, 0x0000000100000000)
  eden space 139264K, 100% used [0x00000000e0000000,0x00000000e8800000,0x00000000e8800000)
  from space 15872K, 0% used [0x00000000e9d80000,0x00000000e9d80000,0x00000000ead00000)
  to   space 22016K, 0% used [0x00000000e8800000,0x00000000e8800000,0x00000000e9d80000)
 ParOldGen       total 99840K, used 38754K [0x00000000a0000000, 0x00000000a6180000, 0x00000000e0000000)
  object space 99840K, 38% used [0x00000000a0000000,0x00000000a25d8808,0x00000000a6180000)
 Metaspace       used 60975K, capacity 63380K, committed 63576K, reserved 1103872K
  class space    used 8173K, capacity 8806K, committed 8832K, reserved 1048576K
Event: 23.183 GC heap after
Heap after GC invocations=16 (full 3):
 PSYoungGen      total 161280K, used 15682K [0x00000000e0000000, 0x00000000ecf00000, 0x0000000100000000)
  eden space 139264K, 0% used [0x00000000e0000000,0x00000000e0000000,0x00000000e8800000)
  from space 22016K, 71% used [0x00000000e8800000,0x00000000e9750a88,0x00000000e9d80000)
  to   space 23040K, 0% used [0x00000000eb880000,0x00000000eb880000,0x00000000ecf00000)
 ParOldGen       total 99840K, used 38762K [0x00000000a0000000, 0x00000000a6180000, 0x00000000e0000000)
  object space 99840K, 38% used [0x00000000a0000000,0x00000000a25da808,0x00000000a6180000)
 Metaspace       used 60975K, capacity 63380K, committed 63576K, reserved 1103872K
  class space    used 8173K, capacity 8806K, committed 8832K, reserved 1048576K
}
Event: 33.258 GC heap before
{Heap before GC invocations=17 (full 3):
 PSYoungGen      total 161280K, used 154946K [0x00000000e0000000, 0x00000000ecf00000, 0x0000000100000000)
  eden space 139264K, 100% used [0x00000000e0000000,0x00000000e8800000,0x00000000e8800000)
  from space 22016K, 71% used [0x00000000e8800000,0x00000000e9750a88,0x00000000e9d80000)
  to   space 23040K, 0% used [0x00000000eb880000,0x00000000eb880000,0x00000000ecf00000)
 ParOldGen       total 99840K, used 38762K [0x00000000a0000000, 0x00000000a6180000, 0x00000000e0000000)
  object space 99840K, 38% used [0x00000000a0000000,0x00000000a25da808,0x00000000a6180000)
 Metaspace       used 64220K, capacity 67014K, committed 67288K, reserved 1107968K
  class space    used 8491K, capacity 9185K, committed 9216K, reserved 1048576K
Event: 33.289 GC heap after
Heap after GC invocations=17 (full 3):
 PSYoungGen      total 185344K, used 22997K [0x00000000e0000000, 0x00000000ed280000, 0x0000000100000000)
  eden space 162304K, 0% used [0x00000000e0000000,0x00000000e0000000,0x00000000e9e80000)
  from space 23040K, 99% used [0x00000000eb880000,0x00000000ecef56d0,0x00000000ecf00000)
  to   space 26624K, 0% used [0x00000000e9e80000,0x00000000e9e80000,0x00000000eb880000)
 ParOldGen       total 99840K, used 38770K [0x00000000a0000000, 0x00000000a6180000, 0x00000000e0000000)
  object space 99840K, 38% used [0x00000000a0000000,0x00000000a25dc808,0x00000000a6180000)
 Metaspace       used 64220K, capacity 67014K, committed 67288K, reserved 1107968K
  class space    used 8491K, capacity 9185K, committed 9216K, reserved 1048576K
}
Event: 2096.067 GC heap before
{Heap before GC invocations=18 (full 3):
 PSYoungGen      total 185344K, used 185301K [0x00000000e0000000, 0x00000000ed280000, 0x0000000100000000)
  eden space 162304K, 100% used [0x00000000e0000000,0x00000000e9e80000,0x00000000e9e80000)
  from space 23040K, 99% used [0x00000000eb880000,0x00000000ecef56d0,0x00000000ecf00000)
  to   space 26624K, 0% used [0x00000000e9e80000,0x00000000e9e80000,0x00000000eb880000)
 ParOldGen       total 99840K, used 38770K [0x00000000a0000000, 0x00000000a6180000, 0x00000000e0000000)
  object space 99840K, 38% used [0x00000000a0000000,0x00000000a25dc808,0x00000000a6180000)
 Metaspace       used 68723K, capacity 71958K, committed 72152K, reserved 1112064K
  class space    used 9054K, capacity 9887K, committed 9984K, reserved 1048576K
Event: 2096.442 GC heap after
Heap after GC invocations=18 (full 3):
 PSYoungGen      total 188928K, used 26335K [0x00000000e0000000, 0x00000000eef80000, 0x0000000100000000)
  eden space 162304K, 0% used [0x00000000e0000000,0x00000000e0000000,0x00000000e9e80000)
  from space 26624K, 98% used [0x00000000e9e80000,0x00000000eb837c80,0x00000000eb880000)
  to   space 30720K, 0% used [0x00000000ed180000,0x00000000ed180000,0x00000000eef80000)
 ParOldGen       total 99840K, used 38778K [0x00000000a0000000, 0x00000000a6180000, 0x00000000e0000000)
  object space 99840K, 38% used [0x00000000a0000000,0x00000000a25de808,0x00000000a6180000)
 Metaspace       used 68723K, capacity 71958K, committed 72152K, reserved 1112064K
  class space    used 9054K, capacity 9887K, committed 9984K, reserved 1048576K
}

Deoptimization events (10 events):
Event: 2097.444 Thread 0x000000001ee87800 Uncommon trap: reason=predicate action=maybe_recompile pc=0x0000000006759140 method=java.util.LinkedList.remove(Ljava/lang/Object;)Z @ 48
Event: 2098.142 Thread 0x000000001ee8e000 Uncommon trap: reason=bimorphic action=maybe_recompile pc=0x00000000068a177c method=com.google.common.cache.LocalCache$Segment.getLiveValue(Lcom/google/common/cache/LocalCache$ReferenceEntry;J)Ljava/lang/Object; @ 21
Event: 2098.467 Thread 0x000000001ee8e000 Uncommon trap: reason=unstable_if action=reinterpret pc=0x0000000005e0fdec method=java.lang.CharacterDataLatin1.digit(II)I @ 60
Event: 2098.473 Thread 0x000000001ee8e000 Uncommon trap: reason=unstable_if action=reinterpret pc=0x000000000513c224 method=java.lang.CharacterDataLatin1.digit(II)I @ 60
Event: 2098.535 Thread 0x000000001ee8e000 Uncommon trap: reason=array_check action=maybe_recompile pc=0x0000000005449a94 method=java.util.ComparableTimSort.binarySort([Ljava/lang/Object;III)V @ 215
Event: 2098.537 Thread 0x000000001ee8e000 Uncommon trap: reason=array_check action=maybe_recompile pc=0x00000000056abc98 method=java.util.TimSort.binarySort([Ljava/lang/Object;IIILjava/util/Comparator;)V @ 215
Event: 2098.537 Thread 0x000000001ee8e000 Uncommon trap: reason=array_check action=maybe_recompile pc=0x00000000056abe24 method=java.util.TimSort.binarySort([Ljava/lang/Object;IIILjava/util/Comparator;)V @ 183
Event: 2098.537 Thread 0x000000001ee8e000 Uncommon trap: reason=array_check action=maybe_recompile pc=0x0000000005449c20 method=java.util.ComparableTimSort.binarySort([Ljava/lang/Object;III)V @ 183
Event: 2098.538 Thread 0x000000001ee8e000 Uncommon trap: reason=array_check action=maybe_recompile pc=0x00000000056abe24 method=java.util.TimSort.binarySort([Ljava/lang/Object;IIILjava/util/Comparator;)V @ 183
Event: 2098.538 Thread 0x000000001ee8e000 Uncommon trap: reason=array_check action=maybe_recompile pc=0x00000000056abd5c method=java.util.TimSort.binarySort([Ljava/lang/Object;IIILjava/util/Comparator;)V @ 193

Classes redefined (0 events):
No events

Internal exceptions (10 events):
Event: 2093.888 Thread 0x000000001ee8c000 Exception <a 'java/lang/NoSuchMethodError': java.lang.Object.lambda$comparingInt$7b0bb60$1(Ljava/util/function/ToIntFunction;Ljava/lang/Object;Ljava/lang/Object;)I> (0x00000000e7f58e88) thrown at [D:\src\AOSP-openjdk-cygwin\jdk8u\hotspot\src\share\vm\inte
Event: 2094.910 Thread 0x000000001ee87800 Implicit null exception at 0x0000000004bddb88 to 0x0000000004bde0fd
Event: 2095.108 Thread 0x000000001ee87800 Implicit null exception at 0x0000000005d465eb to 0x0000000005d47915
Event: 2095.109 Thread 0x000000001ee87800 Implicit null exception at 0x0000000005ce262f to 0x0000000005ce2c45
Event: 2095.335 Thread 0x000000001ee87800 Implicit null exception at 0x0000000005334ec8 to 0x0000000005337131
Event: 2096.644 Thread 0x000000001ee87800 Implicit null exception at 0x0000000005d24267 to 0x0000000005d253f1
Event: 2097.056 Thread 0x000000001ee87800 Implicit null exception at 0x000000000656a279 to 0x000000000656a3dd
Event: 2098.537 Thread 0x000000001ee8e000 Exception <a 'java/lang/NoSuchMethodError': <clinit>> (0x00000000e0d06b08) thrown at [D:\src\AOSP-openjdk-cygwin\jdk8u\hotspot\src\share\vm\prims\jni.cpp, line 1613]
Event: 2098.538 Thread 0x000000001ee8e000 Exception <a 'java/lang/NoSuchMethodError': <clinit>> (0x00000000e0d14750) thrown at [D:\src\AOSP-openjdk-cygwin\jdk8u\hotspot\src\share\vm\prims\jni.cpp, line 1613]
Event: 2103.889 Thread 0x000000001ee88000 Exception <a 'java/net/SocketTimeoutException': Read timed out> (0x00000000e1421fc8) thrown at [D:\src\AOSP-openjdk-cygwin\jdk8u\hotspot\src\share\vm\prims\jni.cpp, line 735]

Events (10 events):
Event: 2103.890 Executing VM operation: RevokeBias
Event: 2103.891 Executing VM operation: RevokeBias done
Event: 2103.891 Executing VM operation: RevokeBias
Event: 2103.891 Executing VM operation: RevokeBias done
Event: 2105.381 Thread 0x000000001ee8c800 DEOPT PACKING pc=0x0000000004e17e24 sp=0x0000000026e1b490
Event: 2105.381 Thread 0x000000001ee8c800 DEOPT UNPACKING pc=0x0000000004a675bf sp=0x0000000026e1b1f8 mode 0
Event: 2106.801 Executing VM operation: RevokeBias
Event: 2106.802 Executing VM operation: RevokeBias done
Event: 2110.678 Executing VM operation: RevokeBias
Event: 2110.680 Executing VM operation: RevokeBias done


Dynamic libraries:
0x00007ff702490000 - 0x00007ff7024c1000 	C:\Program Files\Android\Android Studio\jre\bin\java.exe
0x00007ffcead60000 - 0x00007ffceaf40000 	C:\WINDOWS\SYSTEM32\ntdll.dll
0x00007ffce8cb0000 - 0x00007ffce8d5e000 	C:\WINDOWS\System32\KERNEL32.DLL
0x00007ffce7300000 - 0x00007ffce7566000 	C:\WINDOWS\System32\KERNELBASE.dll
0x00007ffceac80000 - 0x00007ffcead21000 	C:\WINDOWS\System32\ADVAPI32.dll
0x00007ffce8590000 - 0x00007ffce862d000 	C:\WINDOWS\System32\msvcrt.dll
0x00007ffce8c50000 - 0x00007ffce8cab000 	C:\WINDOWS\System32\sechost.dll
0x00007ffce91c0000 - 0x00007ffce92df000 	C:\WINDOWS\System32\RPCRT4.dll
0x00007ffce8630000 - 0x00007ffce87bf000 	C:\WINDOWS\System32\USER32.dll
0x00007ffce7570000 - 0x00007ffce7590000 	C:\WINDOWS\System32\win32u.dll
0x00007ffce87c0000 - 0x00007ffce87e8000 	C:\WINDOWS\System32\GDI32.dll
0x00007ffce7160000 - 0x00007ffce72f3000 	C:\WINDOWS\System32\gdi32full.dll
0x00007ffce7590000 - 0x00007ffce762b000 	C:\WINDOWS\System32\msvcp_win.dll
0x00007ffce7dd0000 - 0x00007ffce7ec6000 	C:\WINDOWS\System32\ucrtbase.dll
0x00007ffcdc020000 - 0x00007ffcdc289000 	C:\WINDOWS\WinSxS\amd64_microsoft.windows.common-controls_6595b64144ccf1df_6.0.16299.125_none_15cbcf8893620c09\COMCTL32.dll
0x00007ffcea970000 - 0x00007ffceac78000 	C:\WINDOWS\System32\combase.dll
0x00007ffce7f80000 - 0x00007ffce7ff2000 	C:\WINDOWS\System32\bcryptPrimitives.dll
0x00007ffce8230000 - 0x00007ffce825d000 	C:\WINDOWS\System32\IMM32.DLL
0x00000000651c0000 - 0x0000000065292000 	C:\Program Files\Android\Android Studio\jre\jre\bin\msvcr100.dll
0x0000000064060000 - 0x000000006489e000 	C:\Program Files\Android\Android Studio\jre\jre\bin\server\jvm.dll
0x00007ffce91b0000 - 0x00007ffce91b8000 	C:\WINDOWS\System32\PSAPI.DLL
0x00007ffccbd50000 - 0x00007ffccbd59000 	C:\WINDOWS\SYSTEM32\WSOCK32.dll
0x00007ffce30d0000 - 0x00007ffce30f3000 	C:\WINDOWS\SYSTEM32\WINMM.dll
0x00007ffce92e0000 - 0x00007ffce934c000 	C:\WINDOWS\System32\WS2_32.dll
0x00007ffce0c70000 - 0x00007ffce0c7a000 	C:\WINDOWS\SYSTEM32\VERSION.dll
0x00007ffce3070000 - 0x00007ffce309a000 	C:\WINDOWS\SYSTEM32\WINMMBASE.dll
0x00007ffce7d80000 - 0x00007ffce7dca000 	C:\WINDOWS\System32\cfgmgr32.dll
0x00007ffce2140000 - 0x00007ffce214f000 	C:\Program Files\Android\Android Studio\jre\jre\bin\verify.dll
0x00007ffce2110000 - 0x00007ffce2139000 	C:\Program Files\Android\Android Studio\jre\jre\bin\java.dll
0x00007ffcdf020000 - 0x00007ffcdf036000 	C:\Program Files\Android\Android Studio\jre\jre\bin\zip.dll
0x00007ffce9460000 - 0x00007ffcea896000 	C:\WINDOWS\System32\SHELL32.dll
0x00007ffce87f0000 - 0x00007ffce8896000 	C:\WINDOWS\System32\shcore.dll
0x00007ffce7630000 - 0x00007ffce7d77000 	C:\WINDOWS\System32\windows.storage.dll
0x00007ffce9400000 - 0x00007ffce9451000 	C:\WINDOWS\System32\shlwapi.dll
0x00007ffce7140000 - 0x00007ffce7151000 	C:\WINDOWS\System32\kernel.appcore.dll
0x00007ffce70f0000 - 0x00007ffce713c000 	C:\WINDOWS\System32\powrprof.dll
0x00007ffce70b0000 - 0x00007ffce70cb000 	C:\WINDOWS\System32\profapi.dll
0x00007ffcdf000000 - 0x00007ffcdf01a000 	C:\Program Files\Android\Android Studio\jre\jre\bin\net.dll
0x00007ffce6940000 - 0x00007ffce69a6000 	C:\WINDOWS\system32\mswsock.dll
0x00007ffcdeeb0000 - 0x00007ffcdeec1000 	C:\Program Files\Android\Android Studio\jre\jre\bin\nio.dll
0x00007ffcdea10000 - 0x00007ffcdea2e000 	C:\Users\viktoria\.gradle\native\25\windows-amd64\native-platform.dll
0x00007ffce2100000 - 0x00007ffce210d000 	C:\Program Files\Android\Android Studio\jre\jre\bin\management.dll
0x00007ffce6b00000 - 0x00007ffce6b17000 	C:\WINDOWS\SYSTEM32\CRYPTSP.dll
0x00007ffce6550000 - 0x00007ffce6583000 	C:\WINDOWS\system32\rsaenh.dll
0x00007ffce6c10000 - 0x00007ffce6c35000 	C:\WINDOWS\SYSTEM32\bcrypt.dll
0x00007ffce6fb0000 - 0x00007ffce6fd9000 	C:\WINDOWS\SYSTEM32\USERENV.dll
0x00007ffce6b20000 - 0x00007ffce6b2b000 	C:\WINDOWS\SYSTEM32\CRYPTBASE.dll
0x00007ffce66d0000 - 0x00007ffce6709000 	C:\WINDOWS\SYSTEM32\IPHLPAPI.DLL
0x00007ffce93f0000 - 0x00007ffce93f8000 	C:\WINDOWS\System32\NSI.dll
0x00007ffcdfb20000 - 0x00007ffcdfb36000 	C:\WINDOWS\SYSTEM32\dhcpcsvc6.DLL
0x00007ffce0200000 - 0x00007ffce021a000 	C:\WINDOWS\SYSTEM32\dhcpcsvc.DLL
0x00007ffcde8c0000 - 0x00007ffcde8e4000 	C:\Program Files\Android\Android Studio\jre\jre\bin\sunec.dll
0x00007ffce6710000 - 0x00007ffce67c6000 	C:\WINDOWS\SYSTEM32\DNSAPI.dll
0x00000000653d0000 - 0x00000000653f6000 	C:\Program Files\Bonjour\mdnsNSP.dll
0x00007ffcdae60000 - 0x00007ffcdae6a000 	C:\Windows\System32\rasadhlp.dll
0x00007ffcdb310000 - 0x00007ffcdb380000 	C:\WINDOWS\System32\fwpuclnt.dll
0x00007ffcdf0b0000 - 0x00007ffcdf0bb000 	C:\Program Files\Android\Android Studio\jre\jre\bin\sunmscapi.dll
0x00007ffce8000000 - 0x00007ffce81ce000 	C:\WINDOWS\System32\CRYPT32.dll
0x00007ffce70d0000 - 0x00007ffce70e2000 	C:\WINDOWS\System32\MSASN1.dll

VM Arguments:
jvm_args: -Xmx1536m -Dfile.encoding=windows-1250 -Duser.country=HU -Duser.language=hu -Duser.variant 
java_command: org.gradle.launcher.daemon.bootstrap.GradleDaemon 4.1
java_class_path (initial): C:\Users\viktoria\.gradle\wrapper\dists\gradle-4.1-all\bzyivzo6n839fup2jbap0tjew\gradle-4.1\lib\gradle-launcher-4.1.jar
Launcher Type: SUN_STANDARD

Environment Variables:
PATH=C:\ProgramData\Oracle\Java\javapath;C:\Program Files\Java\jdk1.8.0_112\bin;C:\Program Files\Java\jre1.8.0_112\bin;%JAVA_HOME%/bin;C:\Program Files\Microsoft SQL Server\130\Tools\Binn\;C:\Program Files (x86)\Windows Kits\8.1\Windows Performance Toolkit\;C:\Windows\System32;C:\Program Files\Git\cmd;C:\Program Files\PuTTY\;C:\Program Files\nodejs\;C:\WINDOWS\system32;C:\WINDOWS;C:\WINDOWS\System32\Wbem;C:\WINDOWS\System32\WindowsPowerShell\v1.0\;C:\Users\viktoria\AppData\Local\Microsoft\WindowsApps;
USERNAME=viktoria
OS=Windows_NT
PROCESSOR_IDENTIFIER=Intel64 Family 6 Model 61 Stepping 4, GenuineIntel



---------------  S Y S T E M  ---------------

OS: Windows 10.0 , 64 bit Build 16299 (10.0.16299.15)

CPU:total 4 (initial active 4) (2 cores per cpu, 2 threads per core) family 6 model 61 stepping 4, cmov, cx8, fxsr, mmx, sse, sse2, sse3, ssse3, sse4.1, sse4.2, popcnt, avx, avx2, aes, clmul, erms, 3dnowpref, lzcnt, ht, tsc, tscinvbit, bmi1, bmi2, adx

Memory: 4k page, physical 4103672k(315108k free), swap 8297976k(1060k free)

vm_info: OpenJDK 64-Bit Server VM (25.152-b01) for windows-amd64 JRE (1.8.0_152-release-915-b01), built by "builder" with MS VC++ 10.0 (VS2010)

time: Wed Apr 04 21:21:16 2018
elapsed time: 2110 seconds (0d 0h 35m 10s)

